{"D:\\Workspace\\compass-projetos\\projectWeek12\\postcss.config.js": {"path":"D:\\Workspace\\compass-projetos\\projectWeek12\\postcss.config.js","all":true,"statementMap":{"0":{"start":{"line":1,"column":0},"end":{"line":1,"column":16}},"1":{"start":{"line":2,"column":0},"end":{"line":2,"column":12}},"2":{"start":{"line":3,"column":0},"end":{"line":3,"column":20}},"3":{"start":{"line":4,"column":0},"end":{"line":4,"column":21}},"4":{"start":{"line":5,"column":0},"end":{"line":5,"column":4}},"5":{"start":{"line":6,"column":0},"end":{"line":6,"column":1}}},"s":{"0":0,"1":0,"2":0,"3":0,"4":0,"5":0},"branchMap":{"0":{"type":"branch","line":1,"loc":{"start":{"line":1,"column":0},"end":{"line":6,"column":-11}},"locations":[{"start":{"line":1,"column":0},"end":{"line":6,"column":-11}}]}},"b":{"0":[0]},"fnMap":{"0":{"name":"(empty-report)","decl":{"start":{"line":1,"column":0},"end":{"line":6,"column":-11}},"loc":{"start":{"line":1,"column":0},"end":{"line":6,"column":-11}},"line":1}},"f":{"0":0}}
,"D:\\Workspace\\compass-projetos\\projectWeek12\\tailwind.config.js": {"path":"D:\\Workspace\\compass-projetos\\projectWeek12\\tailwind.config.js","all":true,"statementMap":{"0":{"start":{"line":1,"column":0},"end":{"line":1,"column":43}},"1":{"start":{"line":2,"column":0},"end":{"line":2,"column":0}},"2":{"start":{"line":3,"column":0},"end":{"line":3,"column":0}},"3":{"start":{"line":4,"column":0},"end":{"line":4,"column":16}},"4":{"start":{"line":5,"column":0},"end":{"line":5,"column":58}},"5":{"start":{"line":6,"column":0},"end":{"line":6,"column":10}},"6":{"start":{"line":7,"column":0},"end":{"line":7,"column":13}},"7":{"start":{"line":8,"column":0},"end":{"line":8,"column":19}},"8":{"start":{"line":9,"column":0},"end":{"line":9,"column":43}},"9":{"start":{"line":10,"column":0},"end":{"line":10,"column":8}},"10":{"start":{"line":11,"column":0},"end":{"line":11,"column":15}},"11":{"start":{"line":12,"column":0},"end":{"line":12,"column":32}},"12":{"start":{"line":13,"column":0},"end":{"line":13,"column":32}},"13":{"start":{"line":14,"column":0},"end":{"line":14,"column":32}},"14":{"start":{"line":15,"column":0},"end":{"line":15,"column":32}},"15":{"start":{"line":16,"column":0},"end":{"line":16,"column":32}},"16":{"start":{"line":17,"column":0},"end":{"line":17,"column":32}},"17":{"start":{"line":18,"column":0},"end":{"line":18,"column":32}},"18":{"start":{"line":19,"column":0},"end":{"line":19,"column":32}},"19":{"start":{"line":20,"column":0},"end":{"line":20,"column":32}},"20":{"start":{"line":21,"column":0},"end":{"line":21,"column":32}},"21":{"start":{"line":22,"column":0},"end":{"line":22,"column":32}},"22":{"start":{"line":23,"column":0},"end":{"line":23,"column":32}},"23":{"start":{"line":24,"column":0},"end":{"line":24,"column":31}},"24":{"start":{"line":25,"column":0},"end":{"line":25,"column":31}},"25":{"start":{"line":26,"column":0},"end":{"line":26,"column":31}},"26":{"start":{"line":27,"column":0},"end":{"line":27,"column":31}},"27":{"start":{"line":28,"column":0},"end":{"line":28,"column":31}},"28":{"start":{"line":29,"column":0},"end":{"line":29,"column":41}},"29":{"start":{"line":30,"column":0},"end":{"line":30,"column":8}},"30":{"start":{"line":31,"column":0},"end":{"line":31,"column":6}},"31":{"start":{"line":32,"column":0},"end":{"line":32,"column":21}},"32":{"start":{"line":33,"column":0},"end":{"line":33,"column":64}},"33":{"start":{"line":34,"column":0},"end":{"line":34,"column":5}},"34":{"start":{"line":35,"column":0},"end":{"line":35,"column":4}},"35":{"start":{"line":36,"column":0},"end":{"line":36,"column":14}},"36":{"start":{"line":37,"column":0},"end":{"line":37,"column":2}}},"s":{"0":0,"1":0,"2":0,"3":0,"4":0,"5":0,"6":0,"7":0,"8":0,"9":0,"10":0,"11":0,"12":0,"13":0,"14":0,"15":0,"16":0,"17":0,"18":0,"19":0,"20":0,"21":0,"22":0,"23":0,"24":0,"25":0,"26":0,"27":0,"28":0,"29":0,"30":0,"31":0,"32":0,"33":0,"34":0,"35":0,"36":0},"branchMap":{"0":{"type":"branch","line":1,"loc":{"start":{"line":1,"column":0},"end":{"line":37,"column":-7}},"locations":[{"start":{"line":1,"column":0},"end":{"line":37,"column":-7}}]}},"b":{"0":[0]},"fnMap":{"0":{"name":"(empty-report)","decl":{"start":{"line":1,"column":0},"end":{"line":37,"column":-7}},"loc":{"start":{"line":1,"column":0},"end":{"line":37,"column":-7}},"line":1}},"f":{"0":0}}
,"D:\\Workspace\\compass-projetos\\projectWeek12\\src\\App.tsx": {"path":"D:\\Workspace\\compass-projetos\\projectWeek12\\src\\App.tsx","all":true,"statementMap":{"0":{"start":{"line":1,"column":0},"end":{"line":1,"column":42}},"1":{"start":{"line":2,"column":0},"end":{"line":2,"column":55}},"2":{"start":{"line":3,"column":0},"end":{"line":3,"column":55}},"3":{"start":{"line":4,"column":0},"end":{"line":4,"column":36}},"5":{"start":{"line":6,"column":0},"end":{"line":6,"column":68}},"6":{"start":{"line":7,"column":0},"end":{"line":7,"column":54}},"7":{"start":{"line":8,"column":0},"end":{"line":8,"column":33}},"11":{"start":{"line":12,"column":0},"end":{"line":12,"column":16}},"12":{"start":{"line":13,"column":0},"end":{"line":13,"column":36}},"14":{"start":{"line":15,"column":0},"end":{"line":15,"column":19}},"15":{"start":{"line":16,"column":0},"end":{"line":16,"column":30}},"16":{"start":{"line":17,"column":0},"end":{"line":17,"column":11}},"17":{"start":{"line":18,"column":0},"end":{"line":18,"column":43}},"18":{"start":{"line":19,"column":0},"end":{"line":19,"column":36}},"19":{"start":{"line":20,"column":0},"end":{"line":20,"column":23}},"20":{"start":{"line":21,"column":0},"end":{"line":21,"column":57}},"21":{"start":{"line":22,"column":0},"end":{"line":22,"column":7}},"22":{"start":{"line":23,"column":0},"end":{"line":23,"column":6}},"23":{"start":{"line":24,"column":0},"end":{"line":24,"column":11}},"24":{"start":{"line":25,"column":0},"end":{"line":25,"column":17}},"26":{"start":{"line":27,"column":0},"end":{"line":27,"column":10}},"27":{"start":{"line":28,"column":0},"end":{"line":28,"column":6}},"28":{"start":{"line":29,"column":0},"end":{"line":29,"column":16}},"29":{"start":{"line":30,"column":0},"end":{"line":30,"column":16}},"30":{"start":{"line":31,"column":0},"end":{"line":31,"column":16}},"31":{"start":{"line":32,"column":0},"end":{"line":32,"column":7}},"33":{"start":{"line":34,"column":0},"end":{"line":34,"column":1}},"35":{"start":{"line":36,"column":0},"end":{"line":36,"column":19}}},"s":{"0":0,"1":0,"2":0,"3":0,"5":0,"6":0,"7":0,"11":0,"12":0,"14":0,"15":0,"16":0,"17":0,"18":0,"19":0,"20":0,"21":0,"22":0,"23":0,"24":0,"26":0,"27":0,"28":0,"29":0,"30":0,"31":0,"33":0,"35":0},"branchMap":{"0":{"type":"branch","line":1,"loc":{"start":{"line":1,"column":822},"end":{"line":36,"column":19}},"locations":[{"start":{"line":1,"column":822},"end":{"line":36,"column":19}}]}},"b":{"0":[0]},"fnMap":{"0":{"name":"(empty-report)","decl":{"start":{"line":1,"column":822},"end":{"line":36,"column":19}},"loc":{"start":{"line":1,"column":822},"end":{"line":36,"column":19}},"line":1}},"f":{"0":0}}
,"D:\\Workspace\\compass-projetos\\projectWeek12\\src\\main.tsx": {"path":"D:\\Workspace\\compass-projetos\\projectWeek12\\src\\main.tsx","all":true,"statementMap":{"0":{"start":{"line":1,"column":0},"end":{"line":1,"column":25}},"1":{"start":{"line":2,"column":0},"end":{"line":2,"column":39}},"2":{"start":{"line":3,"column":0},"end":{"line":3,"column":20}},"3":{"start":{"line":4,"column":0},"end":{"line":4,"column":39}},"4":{"start":{"line":5,"column":0},"end":{"line":5,"column":40}},"5":{"start":{"line":6,"column":0},"end":{"line":6,"column":48}},"6":{"start":{"line":7,"column":0},"end":{"line":7,"column":46}},"7":{"start":{"line":8,"column":0},"end":{"line":8,"column":61}},"8":{"start":{"line":9,"column":0},"end":{"line":9,"column":20}},"9":{"start":{"line":10,"column":0},"end":{"line":10,"column":29}},"10":{"start":{"line":11,"column":0},"end":{"line":11,"column":37}},"11":{"start":{"line":12,"column":0},"end":{"line":12,"column":15}},"12":{"start":{"line":13,"column":0},"end":{"line":13,"column":22}},"13":{"start":{"line":14,"column":0},"end":{"line":14,"column":1}}},"s":{"0":0,"1":0,"2":0,"3":0,"4":0,"5":0,"6":0,"7":0,"8":0,"9":0,"10":0,"11":0,"12":0,"13":0},"branchMap":{"0":{"type":"branch","line":1,"loc":{"start":{"line":1,"column":468},"end":{"line":14,"column":1}},"locations":[{"start":{"line":1,"column":468},"end":{"line":14,"column":1}}]}},"b":{"0":[0]},"fnMap":{"0":{"name":"(empty-report)","decl":{"start":{"line":1,"column":468},"end":{"line":14,"column":1}},"loc":{"start":{"line":1,"column":468},"end":{"line":14,"column":1}},"line":1}},"f":{"0":0}}
,"D:\\Workspace\\compass-projetos\\projectWeek12\\src\\Service\\Cart\\Cart.ts": {"path":"D:\\Workspace\\compass-projetos\\projectWeek12\\src\\Service\\Cart\\Cart.ts","all":false,"statementMap":{"1":{"start":{"line":2,"column":0},"end":{"line":2,"column":28}},"3":{"start":{"line":4,"column":0},"end":{"line":4,"column":48}},"4":{"start":{"line":5,"column":0},"end":{"line":5,"column":81}},"5":{"start":{"line":6,"column":0},"end":{"line":6,"column":79}},"7":{"start":{"line":8,"column":0},"end":{"line":8,"column":36}},"8":{"start":{"line":9,"column":0},"end":{"line":9,"column":65}},"9":{"start":{"line":10,"column":0},"end":{"line":10,"column":9}},"10":{"start":{"line":11,"column":0},"end":{"line":11,"column":23}},"11":{"start":{"line":12,"column":0},"end":{"line":12,"column":2}},"13":{"start":{"line":14,"column":0},"end":{"line":14,"column":57}},"14":{"start":{"line":15,"column":0},"end":{"line":15,"column":2}},"17":{"start":{"line":18,"column":0},"end":{"line":18,"column":30}},"18":{"start":{"line":19,"column":0},"end":{"line":19,"column":63}},"19":{"start":{"line":20,"column":0},"end":{"line":20,"column":15}},"20":{"start":{"line":21,"column":0},"end":{"line":21,"column":2}},"23":{"start":{"line":24,"column":0},"end":{"line":24,"column":50}},"24":{"start":{"line":25,"column":0},"end":{"line":25,"column":80}},"25":{"start":{"line":26,"column":0},"end":{"line":26,"column":56}},"26":{"start":{"line":27,"column":0},"end":{"line":27,"column":58}},"27":{"start":{"line":28,"column":0},"end":{"line":28,"column":14}},"28":{"start":{"line":29,"column":0},"end":{"line":29,"column":2}},"30":{"start":{"line":31,"column":0},"end":{"line":31,"column":33}},"31":{"start":{"line":32,"column":0},"end":{"line":32,"column":13}},"32":{"start":{"line":33,"column":0},"end":{"line":33,"column":23}},"33":{"start":{"line":34,"column":0},"end":{"line":34,"column":1}}},"s":{"1":1,"3":1,"4":0,"5":0,"7":0,"8":0,"9":0,"10":0,"11":0,"13":0,"14":0,"17":1,"18":1,"19":1,"20":1,"23":1,"24":0,"25":0,"26":0,"27":0,"28":0,"30":1,"31":0,"32":0,"33":0},"branchMap":{"0":{"type":"branch","line":18,"loc":{"start":{"line":18,"column":23},"end":{"line":21,"column":2}},"locations":[{"start":{"line":18,"column":23},"end":{"line":21,"column":2}}]}},"b":{"0":[1]},"fnMap":{"0":{"name":"AddCart","decl":{"start":{"line":4,"column":23},"end":{"line":15,"column":2}},"loc":{"start":{"line":4,"column":23},"end":{"line":15,"column":2}},"line":4},"1":{"name":"GetCart","decl":{"start":{"line":18,"column":23},"end":{"line":21,"column":2}},"loc":{"start":{"line":18,"column":23},"end":{"line":21,"column":2}},"line":18},"2":{"name":"DeleteCart","decl":{"start":{"line":24,"column":26},"end":{"line":29,"column":2}},"loc":{"start":{"line":24,"column":26},"end":{"line":29,"column":2}},"line":24},"3":{"name":"LimparCart","decl":{"start":{"line":31,"column":26},"end":{"line":34,"column":1}},"loc":{"start":{"line":31,"column":26},"end":{"line":34,"column":1}},"line":31}},"f":{"0":0,"1":1,"2":0,"3":0}}
,"D:\\Workspace\\compass-projetos\\projectWeek12\\src\\Service\\Mocks\\Products.ts": {"path":"D:\\Workspace\\compass-projetos\\projectWeek12\\src\\Service\\Mocks\\Products.ts","all":false,"statementMap":{"2":{"start":{"line":3,"column":0},"end":{"line":3,"column":35}},"3":{"start":{"line":4,"column":0},"end":{"line":4,"column":9}},"4":{"start":{"line":5,"column":0},"end":{"line":5,"column":18}},"5":{"start":{"line":6,"column":0},"end":{"line":6,"column":13}},"6":{"start":{"line":7,"column":0},"end":{"line":7,"column":17}},"7":{"start":{"line":8,"column":0},"end":{"line":8,"column":14}},"8":{"start":{"line":9,"column":0},"end":{"line":9,"column":7}},"9":{"start":{"line":10,"column":0},"end":{"line":10,"column":25}},"10":{"start":{"line":11,"column":0},"end":{"line":11,"column":12}},"11":{"start":{"line":12,"column":0},"end":{"line":12,"column":23}},"12":{"start":{"line":13,"column":0},"end":{"line":13,"column":26}},"13":{"start":{"line":14,"column":0},"end":{"line":14,"column":6}},"14":{"start":{"line":15,"column":0},"end":{"line":15,"column":14}},"15":{"start":{"line":16,"column":0},"end":{"line":16,"column":19}},"16":{"start":{"line":17,"column":0},"end":{"line":17,"column":13}},"17":{"start":{"line":18,"column":0},"end":{"line":18,"column":17}},"18":{"start":{"line":19,"column":0},"end":{"line":19,"column":17}},"19":{"start":{"line":20,"column":0},"end":{"line":20,"column":15}},"20":{"start":{"line":21,"column":0},"end":{"line":21,"column":16}},"21":{"start":{"line":22,"column":0},"end":{"line":22,"column":20}},"22":{"start":{"line":23,"column":0},"end":{"line":23,"column":17}},"23":{"start":{"line":24,"column":0},"end":{"line":24,"column":34}},"24":{"start":{"line":25,"column":0},"end":{"line":25,"column":31}},"25":{"start":{"line":26,"column":0},"end":{"line":26,"column":5}},"26":{"start":{"line":27,"column":0},"end":{"line":27,"column":5}},"27":{"start":{"line":28,"column":0},"end":{"line":28,"column":44}},"28":{"start":{"line":29,"column":0},"end":{"line":29,"column":9}},"29":{"start":{"line":30,"column":0},"end":{"line":30,"column":17}},"30":{"start":{"line":31,"column":0},"end":{"line":31,"column":26}},"31":{"start":{"line":32,"column":0},"end":{"line":32,"column":21}},"32":{"start":{"line":33,"column":0},"end":{"line":33,"column":25}},"33":{"start":{"line":34,"column":0},"end":{"line":34,"column":22}},"34":{"start":{"line":35,"column":0},"end":{"line":35,"column":15}},"35":{"start":{"line":36,"column":0},"end":{"line":36,"column":33}},"36":{"start":{"line":37,"column":0},"end":{"line":37,"column":20}},"37":{"start":{"line":38,"column":0},"end":{"line":38,"column":31}},"38":{"start":{"line":39,"column":0},"end":{"line":39,"column":34}},"39":{"start":{"line":40,"column":0},"end":{"line":40,"column":14}},"40":{"start":{"line":41,"column":0},"end":{"line":41,"column":22}},"41":{"start":{"line":42,"column":0},"end":{"line":42,"column":27}},"42":{"start":{"line":43,"column":0},"end":{"line":43,"column":21}},"43":{"start":{"line":44,"column":0},"end":{"line":44,"column":25}},"44":{"start":{"line":45,"column":0},"end":{"line":45,"column":25}},"45":{"start":{"line":46,"column":0},"end":{"line":46,"column":23}},"46":{"start":{"line":47,"column":0},"end":{"line":47,"column":24}},"47":{"start":{"line":48,"column":0},"end":{"line":48,"column":28}},"48":{"start":{"line":49,"column":0},"end":{"line":49,"column":25}},"49":{"start":{"line":50,"column":0},"end":{"line":50,"column":42}},"50":{"start":{"line":51,"column":0},"end":{"line":51,"column":39}},"51":{"start":{"line":52,"column":0},"end":{"line":52,"column":13}},"52":{"start":{"line":53,"column":0},"end":{"line":53,"column":14}},"53":{"start":{"line":54,"column":0},"end":{"line":54,"column":13}},"54":{"start":{"line":55,"column":0},"end":{"line":55,"column":21}},"55":{"start":{"line":56,"column":0},"end":{"line":56,"column":30}},"56":{"start":{"line":57,"column":0},"end":{"line":57,"column":25}},"57":{"start":{"line":58,"column":0},"end":{"line":58,"column":29}},"58":{"start":{"line":59,"column":0},"end":{"line":59,"column":26}},"59":{"start":{"line":60,"column":0},"end":{"line":60,"column":19}},"60":{"start":{"line":61,"column":0},"end":{"line":61,"column":37}},"61":{"start":{"line":62,"column":0},"end":{"line":62,"column":24}},"62":{"start":{"line":63,"column":0},"end":{"line":63,"column":35}},"63":{"start":{"line":64,"column":0},"end":{"line":64,"column":38}},"64":{"start":{"line":65,"column":0},"end":{"line":65,"column":18}},"65":{"start":{"line":66,"column":0},"end":{"line":66,"column":26}},"66":{"start":{"line":67,"column":0},"end":{"line":67,"column":31}},"67":{"start":{"line":68,"column":0},"end":{"line":68,"column":25}},"68":{"start":{"line":69,"column":0},"end":{"line":69,"column":29}},"69":{"start":{"line":70,"column":0},"end":{"line":70,"column":29}},"70":{"start":{"line":71,"column":0},"end":{"line":71,"column":27}},"71":{"start":{"line":72,"column":0},"end":{"line":72,"column":28}},"72":{"start":{"line":73,"column":0},"end":{"line":73,"column":32}},"73":{"start":{"line":74,"column":0},"end":{"line":74,"column":29}},"74":{"start":{"line":75,"column":0},"end":{"line":75,"column":46}},"75":{"start":{"line":76,"column":0},"end":{"line":76,"column":43}},"76":{"start":{"line":77,"column":0},"end":{"line":77,"column":17}},"77":{"start":{"line":78,"column":0},"end":{"line":78,"column":18}},"78":{"start":{"line":79,"column":0},"end":{"line":79,"column":17}},"79":{"start":{"line":80,"column":0},"end":{"line":80,"column":25}},"80":{"start":{"line":81,"column":0},"end":{"line":81,"column":34}},"81":{"start":{"line":82,"column":0},"end":{"line":82,"column":29}},"82":{"start":{"line":83,"column":0},"end":{"line":83,"column":33}},"83":{"start":{"line":84,"column":0},"end":{"line":84,"column":30}},"84":{"start":{"line":85,"column":0},"end":{"line":85,"column":23}},"85":{"start":{"line":86,"column":0},"end":{"line":86,"column":41}},"86":{"start":{"line":87,"column":0},"end":{"line":87,"column":28}},"87":{"start":{"line":88,"column":0},"end":{"line":88,"column":39}},"88":{"start":{"line":89,"column":0},"end":{"line":89,"column":42}},"89":{"start":{"line":90,"column":0},"end":{"line":90,"column":22}},"90":{"start":{"line":91,"column":0},"end":{"line":91,"column":30}},"91":{"start":{"line":92,"column":0},"end":{"line":92,"column":35}},"92":{"start":{"line":93,"column":0},"end":{"line":93,"column":29}},"93":{"start":{"line":94,"column":0},"end":{"line":94,"column":33}},"94":{"start":{"line":95,"column":0},"end":{"line":95,"column":33}},"95":{"start":{"line":96,"column":0},"end":{"line":96,"column":31}},"96":{"start":{"line":97,"column":0},"end":{"line":97,"column":32}},"97":{"start":{"line":98,"column":0},"end":{"line":98,"column":36}},"98":{"start":{"line":99,"column":0},"end":{"line":99,"column":33}},"99":{"start":{"line":100,"column":0},"end":{"line":100,"column":50}},"100":{"start":{"line":101,"column":0},"end":{"line":101,"column":47}},"101":{"start":{"line":102,"column":0},"end":{"line":102,"column":21}},"102":{"start":{"line":103,"column":0},"end":{"line":103,"column":21}},"103":{"start":{"line":104,"column":0},"end":{"line":104,"column":5}}},"s":{"2":1,"3":1,"4":1,"5":1,"6":1,"7":1,"8":1,"9":1,"10":1,"11":1,"12":1,"13":1,"14":1,"15":1,"16":1,"17":1,"18":1,"19":1,"20":1,"21":1,"22":1,"23":1,"24":1,"25":1,"26":1,"27":1,"28":1,"29":1,"30":1,"31":1,"32":1,"33":1,"34":1,"35":1,"36":1,"37":1,"38":1,"39":1,"40":1,"41":1,"42":1,"43":1,"44":1,"45":1,"46":1,"47":1,"48":1,"49":1,"50":1,"51":1,"52":1,"53":1,"54":1,"55":1,"56":1,"57":1,"58":1,"59":1,"60":1,"61":1,"62":1,"63":1,"64":1,"65":1,"66":1,"67":1,"68":1,"69":1,"70":1,"71":1,"72":1,"73":1,"74":1,"75":1,"76":1,"77":1,"78":1,"79":1,"80":1,"81":1,"82":1,"83":1,"84":1,"85":1,"86":1,"87":1,"88":1,"89":1,"90":1,"91":1,"92":1,"93":1,"94":1,"95":1,"96":1,"97":1,"98":1,"99":1,"100":1,"101":1,"102":1,"103":1},"branchMap":{},"b":{},"fnMap":{},"f":{}}
,"D:\\Workspace\\compass-projetos\\projectWeek12\\src\\Service\\api\\GetProducts.ts": {"path":"D:\\Workspace\\compass-projetos\\projectWeek12\\src\\Service\\api\\GetProducts.ts","all":true,"statementMap":{"0":{"start":{"line":1,"column":0},"end":{"line":1,"column":35}},"1":{"start":{"line":2,"column":0},"end":{"line":2,"column":8}},"2":{"start":{"line":3,"column":0},"end":{"line":3,"column":73}},"3":{"start":{"line":4,"column":0},"end":{"line":4,"column":40}},"4":{"start":{"line":5,"column":0},"end":{"line":5,"column":17}},"5":{"start":{"line":6,"column":0},"end":{"line":6,"column":16}},"6":{"start":{"line":7,"column":0},"end":{"line":7,"column":50}},"7":{"start":{"line":8,"column":0},"end":{"line":8,"column":15}},"8":{"start":{"line":9,"column":0},"end":{"line":9,"column":4}},"9":{"start":{"line":10,"column":0},"end":{"line":10,"column":3}},"12":{"start":{"line":13,"column":0},"end":{"line":13,"column":28}}},"s":{"0":0,"1":0,"2":0,"3":0,"4":0,"5":0,"6":0,"7":0,"8":0,"9":0,"12":0},"branchMap":{"0":{"type":"branch","line":1,"loc":{"start":{"line":1,"column":313},"end":{"line":13,"column":28}},"locations":[{"start":{"line":1,"column":313},"end":{"line":13,"column":28}}]}},"b":{"0":[0]},"fnMap":{"0":{"name":"(empty-report)","decl":{"start":{"line":1,"column":313},"end":{"line":13,"column":28}},"loc":{"start":{"line":1,"column":313},"end":{"line":13,"column":28}},"line":1}},"f":{"0":0}}
,"D:\\Workspace\\compass-projetos\\projectWeek12\\src\\Service\\api\\model\\CartModel.ts": {"path":"D:\\Workspace\\compass-projetos\\projectWeek12\\src\\Service\\api\\model\\CartModel.ts","all":true,"statementMap":{},"s":{},"branchMap":{"0":{"type":"branch","line":1,"loc":{"start":{"line":1,"column":119},"end":{"line":5,"column":1}},"locations":[{"start":{"line":1,"column":119},"end":{"line":5,"column":1}}]}},"b":{"0":[1]},"fnMap":{"0":{"name":"(empty-report)","decl":{"start":{"line":1,"column":119},"end":{"line":5,"column":1}},"loc":{"start":{"line":1,"column":119},"end":{"line":5,"column":1}},"line":1}},"f":{"0":1}}
,"D:\\Workspace\\compass-projetos\\projectWeek12\\src\\Service\\api\\model\\CepModel.ts": {"path":"D:\\Workspace\\compass-projetos\\projectWeek12\\src\\Service\\api\\model\\CepModel.ts","all":true,"statementMap":{},"s":{},"branchMap":{"0":{"type":"branch","line":1,"loc":{"start":{"line":1,"column":233},"end":{"line":13,"column":1}},"locations":[{"start":{"line":1,"column":233},"end":{"line":13,"column":1}}]}},"b":{"0":[1]},"fnMap":{"0":{"name":"(empty-report)","decl":{"start":{"line":1,"column":233},"end":{"line":13,"column":1}},"loc":{"start":{"line":1,"column":233},"end":{"line":13,"column":1}},"line":1}},"f":{"0":1}}
,"D:\\Workspace\\compass-projetos\\projectWeek12\\src\\Service\\api\\model\\CheckoutModel.ts": {"path":"D:\\Workspace\\compass-projetos\\projectWeek12\\src\\Service\\api\\model\\CheckoutModel.ts","all":true,"statementMap":{},"s":{},"branchMap":{"0":{"type":"branch","line":1,"loc":{"start":{"line":1,"column":318},"end":{"line":14,"column":3}},"locations":[{"start":{"line":1,"column":318},"end":{"line":14,"column":3}}]}},"b":{"0":[1]},"fnMap":{"0":{"name":"(empty-report)","decl":{"start":{"line":1,"column":318},"end":{"line":14,"column":3}},"loc":{"start":{"line":1,"column":318},"end":{"line":14,"column":3}},"line":1}},"f":{"0":1}}
,"D:\\Workspace\\compass-projetos\\projectWeek12\\src\\Service\\api\\model\\ContactModel.ts": {"path":"D:\\Workspace\\compass-projetos\\projectWeek12\\src\\Service\\api\\model\\ContactModel.ts","all":true,"statementMap":{},"s":{},"branchMap":{"0":{"type":"branch","line":1,"loc":{"start":{"line":1,"column":120},"end":{"line":6,"column":3}},"locations":[{"start":{"line":1,"column":120},"end":{"line":6,"column":3}}]}},"b":{"0":[1]},"fnMap":{"0":{"name":"(empty-report)","decl":{"start":{"line":1,"column":120},"end":{"line":6,"column":3}},"loc":{"start":{"line":1,"column":120},"end":{"line":6,"column":3}},"line":1}},"f":{"0":1}}
,"D:\\Workspace\\compass-projetos\\projectWeek12\\src\\Service\\api\\model\\LoginModel.ts": {"path":"D:\\Workspace\\compass-projetos\\projectWeek12\\src\\Service\\api\\model\\LoginModel.ts","all":true,"statementMap":{},"s":{},"branchMap":{"0":{"type":"branch","line":1,"loc":{"start":{"line":1,"column":164},"end":{"line":9,"column":1}},"locations":[{"start":{"line":1,"column":164},"end":{"line":9,"column":1}}]}},"b":{"0":[1]},"fnMap":{"0":{"name":"(empty-report)","decl":{"start":{"line":1,"column":164},"end":{"line":9,"column":1}},"loc":{"start":{"line":1,"column":164},"end":{"line":9,"column":1}},"line":1}},"f":{"0":1}}
,"D:\\Workspace\\compass-projetos\\projectWeek12\\src\\Service\\api\\model\\ProductsModel.ts": {"path":"D:\\Workspace\\compass-projetos\\projectWeek12\\src\\Service\\api\\model\\ProductsModel.ts","all":true,"statementMap":{},"s":{},"branchMap":{"0":{"type":"branch","line":1,"loc":{"start":{"line":1,"column":518},"end":{"line":30,"column":1}},"locations":[{"start":{"line":1,"column":518},"end":{"line":30,"column":1}}]}},"b":{"0":[1]},"fnMap":{"0":{"name":"(empty-report)","decl":{"start":{"line":1,"column":518},"end":{"line":30,"column":1}},"loc":{"start":{"line":1,"column":518},"end":{"line":30,"column":1}},"line":1}},"f":{"0":1}}
,"D:\\Workspace\\compass-projetos\\projectWeek12\\src\\Service\\firebase\\firebaseConfig.ts": {"path":"D:\\Workspace\\compass-projetos\\projectWeek12\\src\\Service\\firebase\\firebaseConfig.ts","all":false,"statementMap":{"0":{"start":{"line":1,"column":0},"end":{"line":1,"column":45}},"1":{"start":{"line":2,"column":0},"end":{"line":2,"column":40}},"2":{"start":{"line":3,"column":0},"end":{"line":3,"column":50}},"4":{"start":{"line":5,"column":0},"end":{"line":5,"column":24}},"5":{"start":{"line":6,"column":0},"end":{"line":6,"column":39}},"6":{"start":{"line":7,"column":0},"end":{"line":7,"column":47}},"7":{"start":{"line":8,"column":0},"end":{"line":8,"column":45}},"8":{"start":{"line":9,"column":0},"end":{"line":9,"column":53}},"9":{"start":{"line":10,"column":0},"end":{"line":10,"column":62}},"10":{"start":{"line":11,"column":0},"end":{"line":11,"column":36}},"11":{"start":{"line":12,"column":0},"end":{"line":12,"column":2}},"14":{"start":{"line":15,"column":0},"end":{"line":15,"column":42}},"15":{"start":{"line":16,"column":0},"end":{"line":16,"column":32}},"16":{"start":{"line":17,"column":0},"end":{"line":17,"column":36}}},"s":{"0":1,"1":1,"2":1,"4":1,"5":1,"6":1,"7":1,"8":1,"9":1,"10":1,"11":1,"14":1,"15":1,"16":1},"branchMap":{},"b":{},"fnMap":{},"f":{}}
,"D:\\Workspace\\compass-projetos\\projectWeek12\\src\\Service\\store\\store.ts": {"path":"D:\\Workspace\\compass-projetos\\projectWeek12\\src\\Service\\store\\store.ts","all":false,"statementMap":{"0":{"start":{"line":1,"column":0},"end":{"line":1,"column":78}},"2":{"start":{"line":3,"column":0},"end":{"line":3,"column":77}},"11":{"start":{"line":12,"column":0},"end":{"line":12,"column":36}},"12":{"start":{"line":13,"column":0},"end":{"line":13,"column":15}},"13":{"start":{"line":14,"column":0},"end":{"line":14,"column":22}},"14":{"start":{"line":15,"column":0},"end":{"line":15,"column":12}},"15":{"start":{"line":16,"column":0},"end":{"line":16,"column":78}},"16":{"start":{"line":17,"column":0},"end":{"line":17,"column":2}},"18":{"start":{"line":19,"column":0},"end":{"line":19,"column":34}},"19":{"start":{"line":20,"column":0},"end":{"line":20,"column":19}},"20":{"start":{"line":21,"column":0},"end":{"line":21,"column":15}},"21":{"start":{"line":22,"column":0},"end":{"line":22,"column":13}},"22":{"start":{"line":23,"column":0},"end":{"line":23,"column":65}},"23":{"start":{"line":24,"column":0},"end":{"line":24,"column":38}},"24":{"start":{"line":25,"column":0},"end":{"line":25,"column":6}},"25":{"start":{"line":26,"column":0},"end":{"line":26,"column":56}},"26":{"start":{"line":27,"column":0},"end":{"line":27,"column":36}},"27":{"start":{"line":28,"column":0},"end":{"line":28,"column":6}},"28":{"start":{"line":29,"column":0},"end":{"line":29,"column":59}},"29":{"start":{"line":30,"column":0},"end":{"line":30,"column":38}},"30":{"start":{"line":31,"column":0},"end":{"line":31,"column":6}},"31":{"start":{"line":32,"column":0},"end":{"line":32,"column":54}},"32":{"start":{"line":33,"column":0},"end":{"line":33,"column":37}},"33":{"start":{"line":34,"column":0},"end":{"line":34,"column":5}},"34":{"start":{"line":35,"column":0},"end":{"line":35,"column":4}},"35":{"start":{"line":36,"column":0},"end":{"line":36,"column":3}},"37":{"start":{"line":38,"column":0},"end":{"line":38,"column":79}},"39":{"start":{"line":40,"column":0},"end":{"line":40,"column":37}},"40":{"start":{"line":41,"column":0},"end":{"line":41,"column":12}},"41":{"start":{"line":42,"column":0},"end":{"line":42,"column":34}},"42":{"start":{"line":43,"column":0},"end":{"line":43,"column":33}},"43":{"start":{"line":44,"column":0},"end":{"line":44,"column":35}},"44":{"start":{"line":45,"column":0},"end":{"line":45,"column":32}},"45":{"start":{"line":46,"column":0},"end":{"line":46,"column":4}},"46":{"start":{"line":47,"column":0},"end":{"line":47,"column":3}},"51":{"start":{"line":52,"column":0},"end":{"line":52,"column":63}},"52":{"start":{"line":53,"column":0},"end":{"line":53,"column":75}},"54":{"start":{"line":55,"column":0},"end":{"line":55,"column":68}},"55":{"start":{"line":56,"column":0},"end":{"line":56,"column":79}},"57":{"start":{"line":58,"column":0},"end":{"line":58,"column":71}},"58":{"start":{"line":59,"column":0},"end":{"line":59,"column":83}},"60":{"start":{"line":61,"column":0},"end":{"line":61,"column":70}},"61":{"start":{"line":62,"column":0},"end":{"line":62,"column":82}}},"s":{"0":1,"2":1,"11":1,"12":1,"13":1,"14":1,"15":1,"16":1,"18":1,"19":1,"20":1,"21":1,"22":1,"23":0,"24":0,"25":1,"26":0,"27":0,"28":1,"29":0,"30":0,"31":1,"32":0,"33":0,"34":1,"35":1,"37":1,"39":1,"40":1,"41":1,"42":1,"43":1,"44":1,"45":1,"46":1,"51":1,"52":1,"54":1,"55":1,"57":1,"58":1,"60":1,"61":1},"branchMap":{"0":{"type":"branch","line":61,"loc":{"start":{"line":61,"column":37},"end":{"line":61,"column":70}},"locations":[{"start":{"line":61,"column":37},"end":{"line":61,"column":70}}]}},"b":{"0":[6]},"fnMap":{"0":{"name":"getProducts","decl":{"start":{"line":23,"column":17},"end":{"line":25,"column":6}},"loc":{"start":{"line":23,"column":17},"end":{"line":25,"column":6}},"line":23},"1":{"name":"AddItem","decl":{"start":{"line":26,"column":13},"end":{"line":28,"column":6}},"loc":{"start":{"line":26,"column":13},"end":{"line":28,"column":6}},"line":26},"2":{"name":"AddCategory","decl":{"start":{"line":29,"column":17},"end":{"line":31,"column":6}},"loc":{"start":{"line":29,"column":17},"end":{"line":31,"column":6}},"line":29},"3":{"name":"Addqtd","decl":{"start":{"line":32,"column":12},"end":{"line":34,"column":5}},"loc":{"start":{"line":32,"column":12},"end":{"line":34,"column":5}},"line":32},"4":{"name":"useAppDispatch","decl":{"start":{"line":52,"column":30},"end":{"line":52,"column":63}},"loc":{"start":{"line":52,"column":30},"end":{"line":52,"column":63}},"line":52},"5":{"name":"useAppDispatchItems","decl":{"start":{"line":55,"column":35},"end":{"line":55,"column":68}},"loc":{"start":{"line":55,"column":35},"end":{"line":55,"column":68}},"line":55},"6":{"name":"useAppDispatchCategory","decl":{"start":{"line":58,"column":38},"end":{"line":58,"column":71}},"loc":{"start":{"line":58,"column":38},"end":{"line":58,"column":71}},"line":58},"7":{"name":"useAppDispatchCartQtd","decl":{"start":{"line":61,"column":37},"end":{"line":61,"column":70}},"loc":{"start":{"line":61,"column":37},"end":{"line":61,"column":70}},"line":61}},"f":{"0":0,"1":0,"2":0,"3":0,"4":0,"5":0,"6":0,"7":6}}
,"D:\\Workspace\\compass-projetos\\projectWeek12\\src\\assets\\icons\\CartIcon.tsx": {"path":"D:\\Workspace\\compass-projetos\\projectWeek12\\src\\assets\\icons\\CartIcon.tsx","all":false,"statementMap":{"0":{"start":{"line":1,"column":0},"end":{"line":1,"column":24}},"1":{"start":{"line":2,"column":0},"end":{"line":2,"column":10}},"2":{"start":{"line":3,"column":0},"end":{"line":3,"column":9}},"3":{"start":{"line":4,"column":0},"end":{"line":4,"column":112}},"4":{"start":{"line":5,"column":0},"end":{"line":5,"column":10}},"6":{"start":{"line":7,"column":0},"end":{"line":7,"column":1}},"8":{"start":{"line":9,"column":0},"end":{"line":9,"column":23}},"11":{"start":{"line":12,"column":0},"end":{"line":12,"column":99}},"13":{"start":{"line":14,"column":0},"end":{"line":14,"column":10}}},"s":{"0":1,"1":5,"2":5,"3":5,"4":5,"6":5,"8":1,"11":1,"13":1},"branchMap":{"0":{"type":"branch","line":1,"loc":{"start":{"line":1,"column":17},"end":{"line":7,"column":1}},"locations":[{"start":{"line":1,"column":17},"end":{"line":7,"column":1}}]}},"b":{"0":[5]},"fnMap":{"0":{"name":"CartIcon","decl":{"start":{"line":1,"column":17},"end":{"line":7,"column":1}},"loc":{"start":{"line":1,"column":17},"end":{"line":7,"column":1}},"line":1}},"f":{"0":5}}
,"D:\\Workspace\\compass-projetos\\projectWeek12\\src\\assets\\icons\\MaiorQ.tsx": {"path":"D:\\Workspace\\compass-projetos\\projectWeek12\\src\\assets\\icons\\MaiorQ.tsx","all":true,"statementMap":{"0":{"start":{"line":1,"column":0},"end":{"line":1,"column":22}},"1":{"start":{"line":2,"column":0},"end":{"line":2,"column":10}},"2":{"start":{"line":3,"column":0},"end":{"line":3,"column":9}},"3":{"start":{"line":4,"column":0},"end":{"line":4,"column":110}},"4":{"start":{"line":5,"column":0},"end":{"line":5,"column":10}},"6":{"start":{"line":7,"column":0},"end":{"line":7,"column":1}},"8":{"start":{"line":9,"column":0},"end":{"line":9,"column":21}},"12":{"start":{"line":13,"column":0},"end":{"line":13,"column":99}},"14":{"start":{"line":15,"column":0},"end":{"line":15,"column":10}}},"s":{"0":0,"1":0,"2":0,"3":0,"4":0,"6":0,"8":0,"12":0,"14":0},"branchMap":{"0":{"type":"branch","line":1,"loc":{"start":{"line":1,"column":0},"end":{"line":15,"column":-320}},"locations":[{"start":{"line":1,"column":0},"end":{"line":15,"column":-320}}]}},"b":{"0":[0]},"fnMap":{"0":{"name":"(empty-report)","decl":{"start":{"line":1,"column":0},"end":{"line":15,"column":-320}},"loc":{"start":{"line":1,"column":0},"end":{"line":15,"column":-320}},"line":1}},"f":{"0":0}}
,"D:\\Workspace\\compass-projetos\\projectWeek12\\src\\assets\\icons\\UserIcon.tsx": {"path":"D:\\Workspace\\compass-projetos\\projectWeek12\\src\\assets\\icons\\UserIcon.tsx","all":false,"statementMap":{"0":{"start":{"line":1,"column":0},"end":{"line":1,"column":24}},"1":{"start":{"line":2,"column":0},"end":{"line":2,"column":10}},"2":{"start":{"line":3,"column":0},"end":{"line":3,"column":9}},"3":{"start":{"line":4,"column":0},"end":{"line":4,"column":112}},"4":{"start":{"line":5,"column":0},"end":{"line":5,"column":10}},"6":{"start":{"line":7,"column":0},"end":{"line":7,"column":1}},"8":{"start":{"line":9,"column":0},"end":{"line":9,"column":23}},"12":{"start":{"line":13,"column":0},"end":{"line":13,"column":99}},"14":{"start":{"line":15,"column":0},"end":{"line":15,"column":10}}},"s":{"0":1,"1":4,"2":4,"3":4,"4":4,"6":4,"8":1,"12":1,"14":1},"branchMap":{"0":{"type":"branch","line":1,"loc":{"start":{"line":1,"column":17},"end":{"line":7,"column":1}},"locations":[{"start":{"line":1,"column":17},"end":{"line":7,"column":1}}]}},"b":{"0":[4]},"fnMap":{"0":{"name":"UserIcon","decl":{"start":{"line":1,"column":17},"end":{"line":7,"column":1}},"loc":{"start":{"line":1,"column":17},"end":{"line":7,"column":1}},"line":1}},"f":{"0":4}}
,"D:\\Workspace\\compass-projetos\\projectWeek12\\src\\assets\\icons\\logo_furniro.tsx": {"path":"D:\\Workspace\\compass-projetos\\projectWeek12\\src\\assets\\icons\\logo_furniro.tsx","all":false,"statementMap":{"0":{"start":{"line":1,"column":0},"end":{"line":1,"column":28}},"1":{"start":{"line":2,"column":0},"end":{"line":2,"column":10}},"2":{"start":{"line":3,"column":0},"end":{"line":3,"column":9}},"3":{"start":{"line":4,"column":0},"end":{"line":4,"column":116}},"4":{"start":{"line":5,"column":0},"end":{"line":5,"column":10}},"6":{"start":{"line":7,"column":0},"end":{"line":7,"column":1}},"8":{"start":{"line":9,"column":0},"end":{"line":9,"column":27}},"16":{"start":{"line":17,"column":0},"end":{"line":17,"column":144}},"25":{"start":{"line":26,"column":0},"end":{"line":26,"column":10}}},"s":{"0":1,"1":5,"2":5,"3":5,"4":5,"6":5,"8":1,"16":1,"25":1},"branchMap":{"0":{"type":"branch","line":1,"loc":{"start":{"line":1,"column":21},"end":{"line":7,"column":1}},"locations":[{"start":{"line":1,"column":21},"end":{"line":7,"column":1}}]}},"b":{"0":[5]},"fnMap":{"0":{"name":"logo_furniro","decl":{"start":{"line":1,"column":21},"end":{"line":7,"column":1}},"loc":{"start":{"line":1,"column":21},"end":{"line":7,"column":1}},"line":1}},"f":{"0":5}}
,"D:\\Workspace\\compass-projetos\\projectWeek12\\src\\assets\\icons\\Cart\\CartDell.tsx": {"path":"D:\\Workspace\\compass-projetos\\projectWeek12\\src\\assets\\icons\\Cart\\CartDell.tsx","all":true,"statementMap":{"0":{"start":{"line":1,"column":0},"end":{"line":1,"column":31}},"1":{"start":{"line":2,"column":0},"end":{"line":2,"column":10}},"2":{"start":{"line":3,"column":0},"end":{"line":3,"column":9}},"3":{"start":{"line":4,"column":0},"end":{"line":4,"column":117}},"5":{"start":{"line":6,"column":0},"end":{"line":6,"column":10}},"7":{"start":{"line":8,"column":0},"end":{"line":8,"column":2}},"9":{"start":{"line":10,"column":0},"end":{"line":10,"column":8}},"20":{"start":{"line":21,"column":0},"end":{"line":21,"column":10}}},"s":{"0":0,"1":0,"2":0,"3":0,"5":0,"7":0,"9":0,"20":0},"branchMap":{"0":{"type":"branch","line":1,"loc":{"start":{"line":1,"column":832},"end":{"line":21,"column":10}},"locations":[{"start":{"line":1,"column":832},"end":{"line":21,"column":10}}]}},"b":{"0":[0]},"fnMap":{"0":{"name":"(empty-report)","decl":{"start":{"line":1,"column":832},"end":{"line":21,"column":10}},"loc":{"start":{"line":1,"column":832},"end":{"line":21,"column":10}},"line":1}},"f":{"0":0}}
,"D:\\Workspace\\compass-projetos\\projectWeek12\\src\\assets\\icons\\Cart\\CloseCartModal.tsx": {"path":"D:\\Workspace\\compass-projetos\\projectWeek12\\src\\assets\\icons\\Cart\\CloseCartModal.tsx","all":false,"statementMap":{"0":{"start":{"line":1,"column":0},"end":{"line":1,"column":0}},"2":{"start":{"line":3,"column":0},"end":{"line":3,"column":30}},"3":{"start":{"line":4,"column":0},"end":{"line":4,"column":10}},"4":{"start":{"line":5,"column":0},"end":{"line":5,"column":9}},"5":{"start":{"line":6,"column":0},"end":{"line":6,"column":10}},"6":{"start":{"line":7,"column":0},"end":{"line":7,"column":110}},"7":{"start":{"line":8,"column":0},"end":{"line":8,"column":14}},"8":{"start":{"line":9,"column":0},"end":{"line":9,"column":8}},"9":{"start":{"line":10,"column":0},"end":{"line":10,"column":10}},"11":{"start":{"line":12,"column":0},"end":{"line":12,"column":2}},"13":{"start":{"line":14,"column":0},"end":{"line":14,"column":30}},"15":{"start":{"line":16,"column":0},"end":{"line":16,"column":1}},"34":{"start":{"line":35,"column":0},"end":{"line":35,"column":1}}},"s":{"0":1,"2":1,"3":2,"4":2,"5":2,"6":2,"7":2,"8":2,"9":2,"11":2,"13":1,"15":1,"34":1},"branchMap":{"0":{"type":"branch","line":3,"loc":{"start":{"line":3,"column":23},"end":{"line":12,"column":2}},"locations":[{"start":{"line":3,"column":23},"end":{"line":12,"column":2}}]}},"b":{"0":[2]},"fnMap":{"0":{"name":"CloseCartModal","decl":{"start":{"line":3,"column":23},"end":{"line":12,"column":2}},"loc":{"start":{"line":3,"column":23},"end":{"line":12,"column":2}},"line":3}},"f":{"0":2}}
,"D:\\Workspace\\compass-projetos\\projectWeek12\\src\\assets\\icons\\Contact\\AddressIcon.tsx": {"path":"D:\\Workspace\\compass-projetos\\projectWeek12\\src\\assets\\icons\\Contact\\AddressIcon.tsx","all":true,"statementMap":{"0":{"start":{"line":1,"column":0},"end":{"line":1,"column":27}},"1":{"start":{"line":2,"column":0},"end":{"line":2,"column":10}},"2":{"start":{"line":3,"column":0},"end":{"line":3,"column":9}},"3":{"start":{"line":4,"column":0},"end":{"line":4,"column":10}},"4":{"start":{"line":5,"column":0},"end":{"line":5,"column":110}},"5":{"start":{"line":6,"column":0},"end":{"line":6,"column":14}},"6":{"start":{"line":7,"column":0},"end":{"line":7,"column":8}},"7":{"start":{"line":8,"column":0},"end":{"line":8,"column":10}},"9":{"start":{"line":10,"column":0},"end":{"line":10,"column":2}},"11":{"start":{"line":12,"column":0},"end":{"line":12,"column":27}},"13":{"start":{"line":14,"column":0},"end":{"line":14,"column":1}},"26":{"start":{"line":27,"column":0},"end":{"line":27,"column":1}}},"s":{"0":0,"1":0,"2":0,"3":0,"4":0,"5":0,"6":0,"7":0,"9":0,"11":0,"13":0,"26":0},"branchMap":{"0":{"type":"branch","line":1,"loc":{"start":{"line":1,"column":1326},"end":{"line":27,"column":1}},"locations":[{"start":{"line":1,"column":1326},"end":{"line":27,"column":1}}]}},"b":{"0":[0]},"fnMap":{"0":{"name":"(empty-report)","decl":{"start":{"line":1,"column":1326},"end":{"line":27,"column":1}},"loc":{"start":{"line":1,"column":1326},"end":{"line":27,"column":1}},"line":1}},"f":{"0":0}}
,"D:\\Workspace\\compass-projetos\\projectWeek12\\src\\assets\\icons\\Contact\\PhoneIcon.tsx": {"path":"D:\\Workspace\\compass-projetos\\projectWeek12\\src\\assets\\icons\\Contact\\PhoneIcon.tsx","all":true,"statementMap":{"0":{"start":{"line":1,"column":0},"end":{"line":1,"column":25}},"1":{"start":{"line":2,"column":0},"end":{"line":2,"column":10}},"2":{"start":{"line":3,"column":0},"end":{"line":3,"column":9}},"3":{"start":{"line":4,"column":0},"end":{"line":4,"column":121}},"4":{"start":{"line":5,"column":0},"end":{"line":5,"column":10}},"6":{"start":{"line":7,"column":0},"end":{"line":7,"column":1}},"8":{"start":{"line":9,"column":0},"end":{"line":9,"column":24}},"10":{"start":{"line":11,"column":0},"end":{"line":11,"column":8}},"21":{"start":{"line":22,"column":0},"end":{"line":22,"column":16}}},"s":{"0":0,"1":0,"2":0,"3":0,"4":0,"6":0,"8":0,"10":0,"21":0},"branchMap":{"0":{"type":"branch","line":1,"loc":{"start":{"line":1,"column":1280},"end":{"line":22,"column":16}},"locations":[{"start":{"line":1,"column":1280},"end":{"line":22,"column":16}}]}},"b":{"0":[0]},"fnMap":{"0":{"name":"(empty-report)","decl":{"start":{"line":1,"column":1280},"end":{"line":22,"column":16}},"loc":{"start":{"line":1,"column":1280},"end":{"line":22,"column":16}},"line":1}},"f":{"0":0}}
,"D:\\Workspace\\compass-projetos\\projectWeek12\\src\\assets\\icons\\Contact\\WorskinTime.tsx": {"path":"D:\\Workspace\\compass-projetos\\projectWeek12\\src\\assets\\icons\\Contact\\WorskinTime.tsx","all":true,"statementMap":{"0":{"start":{"line":1,"column":0},"end":{"line":1,"column":27}},"1":{"start":{"line":2,"column":0},"end":{"line":2,"column":10}},"2":{"start":{"line":3,"column":0},"end":{"line":3,"column":9}},"3":{"start":{"line":4,"column":0},"end":{"line":4,"column":123}},"4":{"start":{"line":5,"column":0},"end":{"line":5,"column":10}},"6":{"start":{"line":7,"column":0},"end":{"line":7,"column":1}},"8":{"start":{"line":9,"column":0},"end":{"line":9,"column":26}},"11":{"start":{"line":12,"column":0},"end":{"line":12,"column":8}},"22":{"start":{"line":23,"column":0},"end":{"line":23,"column":10}}},"s":{"0":0,"1":0,"2":0,"3":0,"4":0,"6":0,"8":0,"11":0,"22":0},"branchMap":{"0":{"type":"branch","line":1,"loc":{"start":{"line":1,"column":1216},"end":{"line":23,"column":10}},"locations":[{"start":{"line":1,"column":1216},"end":{"line":23,"column":10}}]}},"b":{"0":[0]},"fnMap":{"0":{"name":"(empty-report)","decl":{"start":{"line":1,"column":1216},"end":{"line":23,"column":10}},"loc":{"start":{"line":1,"column":1216},"end":{"line":23,"column":10}},"line":1}},"f":{"0":0}}
,"D:\\Workspace\\compass-projetos\\projectWeek12\\src\\assets\\icons\\IconsFooting\\Guarantee.tsx": {"path":"D:\\Workspace\\compass-projetos\\projectWeek12\\src\\assets\\icons\\IconsFooting\\Guarantee.tsx","all":true,"statementMap":{"0":{"start":{"line":1,"column":0},"end":{"line":1,"column":25}},"1":{"start":{"line":2,"column":0},"end":{"line":2,"column":10}},"2":{"start":{"line":3,"column":0},"end":{"line":3,"column":9}},"3":{"start":{"line":4,"column":0},"end":{"line":4,"column":126}},"4":{"start":{"line":5,"column":0},"end":{"line":5,"column":10}},"6":{"start":{"line":7,"column":0},"end":{"line":7,"column":1}},"8":{"start":{"line":9,"column":0},"end":{"line":9,"column":24}},"17":{"start":{"line":18,"column":0},"end":{"line":18,"column":8}},"28":{"start":{"line":29,"column":0},"end":{"line":29,"column":16}}},"s":{"0":0,"1":0,"2":0,"3":0,"4":0,"6":0,"8":0,"17":0,"28":0},"branchMap":{"0":{"type":"branch","line":1,"loc":{"start":{"line":1,"column":2719},"end":{"line":29,"column":16}},"locations":[{"start":{"line":1,"column":2719},"end":{"line":29,"column":16}}]}},"b":{"0":[0]},"fnMap":{"0":{"name":"(empty-report)","decl":{"start":{"line":1,"column":2719},"end":{"line":29,"column":16}},"loc":{"start":{"line":1,"column":2719},"end":{"line":29,"column":16}},"line":1}},"f":{"0":0}}
,"D:\\Workspace\\compass-projetos\\projectWeek12\\src\\assets\\icons\\IconsFooting\\Shipping.tsx": {"path":"D:\\Workspace\\compass-projetos\\projectWeek12\\src\\assets\\icons\\IconsFooting\\Shipping.tsx","all":true,"statementMap":{"0":{"start":{"line":1,"column":0},"end":{"line":1,"column":24}},"1":{"start":{"line":2,"column":0},"end":{"line":2,"column":10}},"2":{"start":{"line":3,"column":0},"end":{"line":3,"column":9}},"3":{"start":{"line":4,"column":0},"end":{"line":4,"column":10}},"4":{"start":{"line":5,"column":0},"end":{"line":5,"column":112}},"5":{"start":{"line":6,"column":0},"end":{"line":6,"column":14}},"6":{"start":{"line":7,"column":0},"end":{"line":7,"column":8}},"7":{"start":{"line":8,"column":0},"end":{"line":8,"column":10}},"9":{"start":{"line":10,"column":0},"end":{"line":10,"column":2}},"11":{"start":{"line":12,"column":0},"end":{"line":12,"column":24}}},"s":{"0":0,"1":0,"2":0,"3":0,"4":0,"5":0,"6":0,"7":0,"9":0,"11":0},"branchMap":{"0":{"type":"branch","line":1,"loc":{"start":{"line":1,"column":2524},"end":{"line":25,"column":15}},"locations":[{"start":{"line":1,"column":2524},"end":{"line":25,"column":15}}]}},"b":{"0":[0]},"fnMap":{"0":{"name":"(empty-report)","decl":{"start":{"line":1,"column":2524},"end":{"line":25,"column":15}},"loc":{"start":{"line":1,"column":2524},"end":{"line":25,"column":15}},"line":1}},"f":{"0":0}}
,"D:\\Workspace\\compass-projetos\\projectWeek12\\src\\assets\\icons\\IconsFooting\\Support.tsx": {"path":"D:\\Workspace\\compass-projetos\\projectWeek12\\src\\assets\\icons\\IconsFooting\\Support.tsx","all":true,"statementMap":{"0":{"start":{"line":1,"column":0},"end":{"line":1,"column":23}},"1":{"start":{"line":2,"column":0},"end":{"line":2,"column":10}},"2":{"start":{"line":3,"column":0},"end":{"line":3,"column":9}},"3":{"start":{"line":4,"column":0},"end":{"line":4,"column":124}},"4":{"start":{"line":5,"column":0},"end":{"line":5,"column":10}},"6":{"start":{"line":7,"column":0},"end":{"line":7,"column":1}},"8":{"start":{"line":9,"column":0},"end":{"line":9,"column":22}},"14":{"start":{"line":15,"column":0},"end":{"line":15,"column":8}},"25":{"start":{"line":26,"column":0},"end":{"line":26,"column":10}}},"s":{"0":0,"1":0,"2":0,"3":0,"4":0,"6":0,"8":0,"14":0,"25":0},"branchMap":{"0":{"type":"branch","line":1,"loc":{"start":{"line":1,"column":2266},"end":{"line":26,"column":10}},"locations":[{"start":{"line":1,"column":2266},"end":{"line":26,"column":10}}]}},"b":{"0":[0]},"fnMap":{"0":{"name":"(empty-report)","decl":{"start":{"line":1,"column":2266},"end":{"line":26,"column":10}},"loc":{"start":{"line":1,"column":2266},"end":{"line":26,"column":10}},"line":1}},"f":{"0":0}}
,"D:\\Workspace\\compass-projetos\\projectWeek12\\src\\assets\\icons\\IconsFooting\\TrophyIcon.tsx": {"path":"D:\\Workspace\\compass-projetos\\projectWeek12\\src\\assets\\icons\\IconsFooting\\TrophyIcon.tsx","all":true,"statementMap":{"0":{"start":{"line":1,"column":0},"end":{"line":1,"column":26}},"1":{"start":{"line":2,"column":0},"end":{"line":2,"column":10}},"2":{"start":{"line":3,"column":0},"end":{"line":3,"column":9}},"3":{"start":{"line":4,"column":0},"end":{"line":4,"column":127}},"4":{"start":{"line":5,"column":0},"end":{"line":5,"column":10}},"6":{"start":{"line":7,"column":0},"end":{"line":7,"column":1}},"8":{"start":{"line":9,"column":0},"end":{"line":9,"column":25}},"12":{"start":{"line":13,"column":0},"end":{"line":13,"column":8}},"23":{"start":{"line":24,"column":0},"end":{"line":24,"column":10}}},"s":{"0":0,"1":0,"2":0,"3":0,"4":0,"6":0,"8":0,"12":0,"23":0},"branchMap":{"0":{"type":"branch","line":1,"loc":{"start":{"line":1,"column":2401},"end":{"line":24,"column":10}},"locations":[{"start":{"line":1,"column":2401},"end":{"line":24,"column":10}}]}},"b":{"0":[0]},"fnMap":{"0":{"name":"(empty-report)","decl":{"start":{"line":1,"column":2401},"end":{"line":24,"column":10}},"loc":{"start":{"line":1,"column":2401},"end":{"line":24,"column":10}},"line":1}},"f":{"0":0}}
,"D:\\Workspace\\compass-projetos\\projectWeek12\\src\\assets\\icons\\ProductsIcon\\FullStar.tsx": {"path":"D:\\Workspace\\compass-projetos\\projectWeek12\\src\\assets\\icons\\ProductsIcon\\FullStar.tsx","all":true,"statementMap":{"0":{"start":{"line":1,"column":0},"end":{"line":1,"column":24}},"1":{"start":{"line":2,"column":0},"end":{"line":2,"column":10}},"2":{"start":{"line":3,"column":0},"end":{"line":3,"column":9}},"3":{"start":{"line":4,"column":0},"end":{"line":4,"column":125}},"4":{"start":{"line":5,"column":0},"end":{"line":5,"column":10}},"6":{"start":{"line":7,"column":0},"end":{"line":7,"column":1}},"8":{"start":{"line":9,"column":0},"end":{"line":9,"column":23}},"12":{"start":{"line":13,"column":0},"end":{"line":13,"column":8}},"23":{"start":{"line":24,"column":0},"end":{"line":24,"column":16}}},"s":{"0":0,"1":0,"2":0,"3":0,"4":0,"6":0,"8":0,"12":0,"23":0},"branchMap":{"0":{"type":"branch","line":1,"loc":{"start":{"line":1,"column":0},"end":{"line":24,"column":-468}},"locations":[{"start":{"line":1,"column":0},"end":{"line":24,"column":-468}}]}},"b":{"0":[0]},"fnMap":{"0":{"name":"(empty-report)","decl":{"start":{"line":1,"column":0},"end":{"line":24,"column":-468}},"loc":{"start":{"line":1,"column":0},"end":{"line":24,"column":-468}},"line":1}},"f":{"0":0}}
,"D:\\Workspace\\compass-projetos\\projectWeek12\\src\\assets\\icons\\ProductsIcon\\HalfStar.tsx": {"path":"D:\\Workspace\\compass-projetos\\projectWeek12\\src\\assets\\icons\\ProductsIcon\\HalfStar.tsx","all":true,"statementMap":{"0":{"start":{"line":1,"column":0},"end":{"line":1,"column":24}},"1":{"start":{"line":2,"column":0},"end":{"line":2,"column":10}},"2":{"start":{"line":3,"column":0},"end":{"line":3,"column":9}},"3":{"start":{"line":4,"column":0},"end":{"line":4,"column":10}},"4":{"start":{"line":5,"column":0},"end":{"line":5,"column":112}},"5":{"start":{"line":6,"column":0},"end":{"line":6,"column":14}},"6":{"start":{"line":7,"column":0},"end":{"line":7,"column":8}},"7":{"start":{"line":8,"column":0},"end":{"line":8,"column":10}},"9":{"start":{"line":10,"column":0},"end":{"line":10,"column":2}},"11":{"start":{"line":12,"column":0},"end":{"line":12,"column":24}},"13":{"start":{"line":14,"column":0},"end":{"line":14,"column":1}},"26":{"start":{"line":27,"column":0},"end":{"line":27,"column":1}}},"s":{"0":0,"1":0,"2":0,"3":0,"4":0,"5":0,"6":0,"7":0,"9":0,"11":0,"13":0,"26":0},"branchMap":{"0":{"type":"branch","line":1,"loc":{"start":{"line":1,"column":0},"end":{"line":27,"column":-448}},"locations":[{"start":{"line":1,"column":0},"end":{"line":27,"column":-448}}]}},"b":{"0":[0]},"fnMap":{"0":{"name":"(empty-report)","decl":{"start":{"line":1,"column":0},"end":{"line":27,"column":-448}},"loc":{"start":{"line":1,"column":0},"end":{"line":27,"column":-448}},"line":1}},"f":{"0":0}}
,"D:\\Workspace\\compass-projetos\\projectWeek12\\src\\assets\\icons\\cardIcons\\Compare.tsx": {"path":"D:\\Workspace\\compass-projetos\\projectWeek12\\src\\assets\\icons\\cardIcons\\Compare.tsx","all":false,"statementMap":{"0":{"start":{"line":1,"column":0},"end":{"line":1,"column":30}},"1":{"start":{"line":2,"column":0},"end":{"line":2,"column":10}},"2":{"start":{"line":3,"column":0},"end":{"line":3,"column":9}},"3":{"start":{"line":4,"column":0},"end":{"line":4,"column":121}},"4":{"start":{"line":5,"column":0},"end":{"line":5,"column":10}},"6":{"start":{"line":7,"column":0},"end":{"line":7,"column":2}},"9":{"start":{"line":10,"column":0},"end":{"line":10,"column":8}},"19":{"start":{"line":20,"column":0},"end":{"line":20,"column":16}}},"s":{"0":1,"1":3,"2":3,"3":3,"4":3,"6":3,"9":1,"19":1},"branchMap":{"0":{"type":"branch","line":1,"loc":{"start":{"line":1,"column":23},"end":{"line":7,"column":2}},"locations":[{"start":{"line":1,"column":23},"end":{"line":7,"column":2}}]}},"b":{"0":[3]},"fnMap":{"0":{"name":"Compare","decl":{"start":{"line":1,"column":23},"end":{"line":7,"column":2}},"loc":{"start":{"line":1,"column":23},"end":{"line":7,"column":2}},"line":1}},"f":{"0":3}}
,"D:\\Workspace\\compass-projetos\\projectWeek12\\src\\assets\\icons\\cardIcons\\Like.tsx": {"path":"D:\\Workspace\\compass-projetos\\projectWeek12\\src\\assets\\icons\\cardIcons\\Like.tsx","all":false,"statementMap":{"0":{"start":{"line":1,"column":0},"end":{"line":1,"column":27}},"1":{"start":{"line":2,"column":0},"end":{"line":2,"column":10}},"2":{"start":{"line":3,"column":0},"end":{"line":3,"column":9}},"3":{"start":{"line":4,"column":0},"end":{"line":4,"column":118}},"5":{"start":{"line":6,"column":0},"end":{"line":6,"column":10}},"7":{"start":{"line":8,"column":0},"end":{"line":8,"column":2}},"10":{"start":{"line":11,"column":0},"end":{"line":11,"column":8}},"22":{"start":{"line":23,"column":0},"end":{"line":23,"column":16}}},"s":{"0":1,"1":3,"2":3,"3":3,"5":3,"7":3,"10":1,"22":1},"branchMap":{"0":{"type":"branch","line":1,"loc":{"start":{"line":1,"column":20},"end":{"line":8,"column":2}},"locations":[{"start":{"line":1,"column":20},"end":{"line":8,"column":2}}]}},"b":{"0":[3]},"fnMap":{"0":{"name":"Like","decl":{"start":{"line":1,"column":20},"end":{"line":8,"column":2}},"loc":{"start":{"line":1,"column":20},"end":{"line":8,"column":2}},"line":1}},"f":{"0":3}}
,"D:\\Workspace\\compass-projetos\\projectWeek12\\src\\assets\\icons\\cardIcons\\Share.tsx": {"path":"D:\\Workspace\\compass-projetos\\projectWeek12\\src\\assets\\icons\\cardIcons\\Share.tsx","all":false,"statementMap":{"0":{"start":{"line":1,"column":0},"end":{"line":1,"column":21}},"1":{"start":{"line":2,"column":0},"end":{"line":2,"column":10}},"2":{"start":{"line":3,"column":0},"end":{"line":3,"column":9}},"3":{"start":{"line":4,"column":0},"end":{"line":4,"column":120}},"5":{"start":{"line":6,"column":0},"end":{"line":6,"column":10}},"7":{"start":{"line":8,"column":0},"end":{"line":8,"column":2}},"9":{"start":{"line":10,"column":0},"end":{"line":10,"column":21}},"13":{"start":{"line":14,"column":0},"end":{"line":14,"column":8}},"24":{"start":{"line":25,"column":0},"end":{"line":25,"column":16}}},"s":{"0":1,"1":3,"2":3,"3":3,"5":3,"7":3,"9":1,"13":1,"24":1},"branchMap":{"0":{"type":"branch","line":1,"loc":{"start":{"line":1,"column":14},"end":{"line":8,"column":2}},"locations":[{"start":{"line":1,"column":14},"end":{"line":8,"column":2}}]}},"b":{"0":[3]},"fnMap":{"0":{"name":"Share","decl":{"start":{"line":1,"column":14},"end":{"line":8,"column":2}},"loc":{"start":{"line":1,"column":14},"end":{"line":8,"column":2}},"line":1}},"f":{"0":3}}
,"D:\\Workspace\\compass-projetos\\projectWeek12\\src\\assets\\icons\\carrosselicon\\seta.tsx": {"path":"D:\\Workspace\\compass-projetos\\projectWeek12\\src\\assets\\icons\\carrosselicon\\seta.tsx","all":true,"statementMap":{"0":{"start":{"line":1,"column":0},"end":{"line":1,"column":20}},"1":{"start":{"line":2,"column":0},"end":{"line":2,"column":10}},"2":{"start":{"line":3,"column":0},"end":{"line":3,"column":182}},"3":{"start":{"line":4,"column":0},"end":{"line":4,"column":10}},"5":{"start":{"line":6,"column":0},"end":{"line":6,"column":2}},"7":{"start":{"line":8,"column":0},"end":{"line":8,"column":20}},"9":{"start":{"line":10,"column":0},"end":{"line":10,"column":1}},"13":{"start":{"line":14,"column":0},"end":{"line":14,"column":1}}},"s":{"0":0,"1":0,"2":0,"3":0,"5":0,"7":0,"9":0,"13":0},"branchMap":{"0":{"type":"branch","line":1,"loc":{"start":{"line":1,"column":0},"end":{"line":14,"column":-463}},"locations":[{"start":{"line":1,"column":0},"end":{"line":14,"column":-463}}]}},"b":{"0":[0]},"fnMap":{"0":{"name":"(empty-report)","decl":{"start":{"line":1,"column":0},"end":{"line":14,"column":-463}},"loc":{"start":{"line":1,"column":0},"end":{"line":14,"column":-463}},"line":1}},"f":{"0":0}}
,"D:\\Workspace\\compass-projetos\\projectWeek12\\src\\assets\\icons\\shop\\CiGridBigRound.tsx": {"path":"D:\\Workspace\\compass-projetos\\projectWeek12\\src\\assets\\icons\\shop\\CiGridBigRound.tsx","all":true,"statementMap":{"0":{"start":{"line":1,"column":0},"end":{"line":1,"column":30}},"1":{"start":{"line":2,"column":0},"end":{"line":2,"column":10}},"2":{"start":{"line":3,"column":0},"end":{"line":3,"column":9}},"3":{"start":{"line":4,"column":0},"end":{"line":4,"column":123}},"4":{"start":{"line":5,"column":0},"end":{"line":5,"column":10}},"6":{"start":{"line":7,"column":0},"end":{"line":7,"column":1}},"8":{"start":{"line":9,"column":0},"end":{"line":9,"column":29}},"12":{"start":{"line":13,"column":0},"end":{"line":13,"column":99}},"14":{"start":{"line":15,"column":0},"end":{"line":15,"column":10}}},"s":{"0":0,"1":0,"2":0,"3":0,"4":0,"6":0,"8":0,"12":0,"14":0},"branchMap":{"0":{"type":"branch","line":1,"loc":{"start":{"line":1,"column":1985},"end":{"line":15,"column":10}},"locations":[{"start":{"line":1,"column":1985},"end":{"line":15,"column":10}}]}},"b":{"0":[0]},"fnMap":{"0":{"name":"(empty-report)","decl":{"start":{"line":1,"column":1985},"end":{"line":15,"column":10}},"loc":{"start":{"line":1,"column":1985},"end":{"line":15,"column":10}},"line":1}},"f":{"0":0}}
,"D:\\Workspace\\compass-projetos\\projectWeek12\\src\\assets\\icons\\shop\\FilterIcon.tsx": {"path":"D:\\Workspace\\compass-projetos\\projectWeek12\\src\\assets\\icons\\shop\\FilterIcon.tsx","all":true,"statementMap":{"0":{"start":{"line":1,"column":0},"end":{"line":1,"column":26}},"1":{"start":{"line":2,"column":0},"end":{"line":2,"column":10}},"2":{"start":{"line":3,"column":0},"end":{"line":3,"column":9}},"3":{"start":{"line":4,"column":0},"end":{"line":4,"column":119}},"4":{"start":{"line":5,"column":0},"end":{"line":5,"column":10}},"6":{"start":{"line":7,"column":0},"end":{"line":7,"column":1}},"8":{"start":{"line":9,"column":0},"end":{"line":9,"column":25}},"11":{"start":{"line":12,"column":0},"end":{"line":12,"column":8}},"24":{"start":{"line":25,"column":0},"end":{"line":25,"column":10}}},"s":{"0":0,"1":0,"2":0,"3":0,"4":0,"6":0,"8":0,"11":0,"24":0},"branchMap":{"0":{"type":"branch","line":1,"loc":{"start":{"line":1,"column":1840},"end":{"line":25,"column":10}},"locations":[{"start":{"line":1,"column":1840},"end":{"line":25,"column":10}}]}},"b":{"0":[0]},"fnMap":{"0":{"name":"(empty-report)","decl":{"start":{"line":1,"column":1840},"end":{"line":25,"column":10}},"loc":{"start":{"line":1,"column":1840},"end":{"line":25,"column":10}},"line":1}},"f":{"0":0}}
,"D:\\Workspace\\compass-projetos\\projectWeek12\\src\\assets\\icons\\shop\\ViewList.tsx": {"path":"D:\\Workspace\\compass-projetos\\projectWeek12\\src\\assets\\icons\\shop\\ViewList.tsx","all":true,"statementMap":{"0":{"start":{"line":1,"column":0},"end":{"line":1,"column":24}},"1":{"start":{"line":2,"column":0},"end":{"line":2,"column":10}},"2":{"start":{"line":3,"column":0},"end":{"line":3,"column":9}},"3":{"start":{"line":4,"column":0},"end":{"line":4,"column":117}},"4":{"start":{"line":5,"column":0},"end":{"line":5,"column":10}},"6":{"start":{"line":7,"column":0},"end":{"line":7,"column":1}},"8":{"start":{"line":9,"column":0},"end":{"line":9,"column":23}},"12":{"start":{"line":13,"column":0},"end":{"line":13,"column":99}},"14":{"start":{"line":15,"column":0},"end":{"line":15,"column":10}}},"s":{"0":0,"1":0,"2":0,"3":0,"4":0,"6":0,"8":0,"12":0,"14":0},"branchMap":{"0":{"type":"branch","line":1,"loc":{"start":{"line":1,"column":1768},"end":{"line":15,"column":10}},"locations":[{"start":{"line":1,"column":1768},"end":{"line":15,"column":10}}]}},"b":{"0":[0]},"fnMap":{"0":{"name":"(empty-report)","decl":{"start":{"line":1,"column":1768},"end":{"line":15,"column":10}},"loc":{"start":{"line":1,"column":1768},"end":{"line":15,"column":10}},"line":1}},"f":{"0":0}}
,"D:\\Workspace\\compass-projetos\\projectWeek12\\src\\components\\Cart\\CartComponent.tsx": {"path":"D:\\Workspace\\compass-projetos\\projectWeek12\\src\\components\\Cart\\CartComponent.tsx","all":true,"statementMap":{"0":{"start":{"line":1,"column":0},"end":{"line":1,"column":60}},"14":{"start":{"line":15,"column":0},"end":{"line":15,"column":24}},"15":{"start":{"line":16,"column":0},"end":{"line":16,"column":7}},"16":{"start":{"line":17,"column":0},"end":{"line":17,"column":13}},"17":{"start":{"line":18,"column":0},"end":{"line":18,"column":13}},"18":{"start":{"line":19,"column":0},"end":{"line":19,"column":13}},"19":{"start":{"line":20,"column":0},"end":{"line":20,"column":13}},"20":{"start":{"line":21,"column":0},"end":{"line":21,"column":17}},"21":{"start":{"line":22,"column":0},"end":{"line":22,"column":10}},"22":{"start":{"line":23,"column":0},"end":{"line":23,"column":59}},"23":{"start":{"line":24,"column":0},"end":{"line":24,"column":54}},"24":{"start":{"line":25,"column":0},"end":{"line":25,"column":12}},"25":{"start":{"line":26,"column":0},"end":{"line":26,"column":37}},"26":{"start":{"line":27,"column":0},"end":{"line":27,"column":19}},"27":{"start":{"line":28,"column":0},"end":{"line":28,"column":54}},"28":{"start":{"line":29,"column":0},"end":{"line":29,"column":10}},"29":{"start":{"line":30,"column":0},"end":{"line":30,"column":12}},"30":{"start":{"line":31,"column":0},"end":{"line":31,"column":81}},"31":{"start":{"line":32,"column":0},"end":{"line":32,"column":100}},"32":{"start":{"line":33,"column":0},"end":{"line":33,"column":20}},"33":{"start":{"line":34,"column":0},"end":{"line":34,"column":11}},"34":{"start":{"line":35,"column":0},"end":{"line":35,"column":83}},"35":{"start":{"line":36,"column":0},"end":{"line":36,"column":30}},"36":{"start":{"line":37,"column":0},"end":{"line":37,"column":10}},"37":{"start":{"line":38,"column":0},"end":{"line":38,"column":133}},"38":{"start":{"line":39,"column":0},"end":{"line":39,"column":15}},"39":{"start":{"line":40,"column":0},"end":{"line":40,"column":45}},"40":{"start":{"line":41,"column":0},"end":{"line":41,"column":71}},"41":{"start":{"line":42,"column":0},"end":{"line":42,"column":9}},"43":{"start":{"line":44,"column":0},"end":{"line":44,"column":17}},"44":{"start":{"line":45,"column":0},"end":{"line":45,"column":73}},"45":{"start":{"line":46,"column":0},"end":{"line":46,"column":22}},"46":{"start":{"line":47,"column":0},"end":{"line":47,"column":12}},"47":{"start":{"line":48,"column":0},"end":{"line":48,"column":15}},"48":{"start":{"line":49,"column":0},"end":{"line":49,"column":45}},"49":{"start":{"line":50,"column":0},"end":{"line":50,"column":71}},"50":{"start":{"line":51,"column":0},"end":{"line":51,"column":9}},"52":{"start":{"line":53,"column":0},"end":{"line":53,"column":17}},"53":{"start":{"line":54,"column":0},"end":{"line":54,"column":12}},"54":{"start":{"line":55,"column":0},"end":{"line":55,"column":78}},"55":{"start":{"line":56,"column":0},"end":{"line":56,"column":61}},"56":{"start":{"line":57,"column":0},"end":{"line":57,"column":10}},"57":{"start":{"line":58,"column":0},"end":{"line":58,"column":77}},"58":{"start":{"line":59,"column":0},"end":{"line":59,"column":20}},"59":{"start":{"line":60,"column":0},"end":{"line":60,"column":15}},"60":{"start":{"line":61,"column":0},"end":{"line":61,"column":12}},"61":{"start":{"line":62,"column":0},"end":{"line":62,"column":10}},"63":{"start":{"line":64,"column":0},"end":{"line":64,"column":2}},"65":{"start":{"line":66,"column":0},"end":{"line":66,"column":29}}},"s":{"0":0,"14":0,"15":0,"16":0,"17":0,"18":0,"19":0,"20":0,"21":0,"22":0,"23":0,"24":0,"25":0,"26":0,"27":0,"28":0,"29":0,"30":0,"31":0,"32":0,"33":0,"34":0,"35":0,"36":0,"37":0,"38":0,"39":0,"40":0,"41":0,"43":0,"44":0,"45":0,"46":0,"47":0,"48":0,"49":0,"50":0,"52":0,"53":0,"54":0,"55":0,"56":0,"57":0,"58":0,"59":0,"60":0,"61":0,"63":0,"65":0},"branchMap":{"0":{"type":"branch","line":1,"loc":{"start":{"line":1,"column":0},"end":{"line":66,"column":-926}},"locations":[{"start":{"line":1,"column":0},"end":{"line":66,"column":-926}}]}},"b":{"0":[0]},"fnMap":{"0":{"name":"(empty-report)","decl":{"start":{"line":1,"column":0},"end":{"line":66,"column":-926}},"loc":{"start":{"line":1,"column":0},"end":{"line":66,"column":-926}},"line":1}},"f":{"0":0}}
,"D:\\Workspace\\compass-projetos\\projectWeek12\\src\\components\\Cart\\CartTotals.tsx": {"path":"D:\\Workspace\\compass-projetos\\projectWeek12\\src\\components\\Cart\\CartTotals.tsx","all":true,"statementMap":{"0":{"start":{"line":1,"column":0},"end":{"line":1,"column":17}},"5":{"start":{"line":6,"column":0},"end":{"line":6,"column":57}},"6":{"start":{"line":7,"column":0},"end":{"line":7,"column":12}},"7":{"start":{"line":8,"column":0},"end":{"line":8,"column":30}},"8":{"start":{"line":9,"column":0},"end":{"line":9,"column":74}},"9":{"start":{"line":10,"column":0},"end":{"line":10,"column":93}},"10":{"start":{"line":11,"column":0},"end":{"line":11,"column":212}},"11":{"start":{"line":12,"column":0},"end":{"line":12,"column":207}},"12":{"start":{"line":13,"column":0},"end":{"line":13,"column":163}},"13":{"start":{"line":14,"column":0},"end":{"line":14,"column":10}},"14":{"start":{"line":15,"column":0},"end":{"line":15,"column":10}},"16":{"start":{"line":17,"column":0},"end":{"line":17,"column":1}},"18":{"start":{"line":19,"column":0},"end":{"line":19,"column":25}}},"s":{"0":0,"5":0,"6":0,"7":0,"8":0,"9":0,"10":0,"11":0,"12":0,"13":0,"14":0,"16":0,"18":0},"branchMap":{"0":{"type":"branch","line":1,"loc":{"start":{"line":1,"column":0},"end":{"line":19,"column":-544}},"locations":[{"start":{"line":1,"column":0},"end":{"line":19,"column":-544}}]}},"b":{"0":[0]},"fnMap":{"0":{"name":"(empty-report)","decl":{"start":{"line":1,"column":0},"end":{"line":19,"column":-544}},"loc":{"start":{"line":1,"column":0},"end":{"line":19,"column":-544}},"line":1}},"f":{"0":0}}
,"D:\\Workspace\\compass-projetos\\projectWeek12\\src\\components\\Cart\\CartModal\\CartModal.tsx": {"path":"D:\\Workspace\\compass-projetos\\projectWeek12\\src\\components\\Cart\\CartModal\\CartModal.tsx","all":false,"statementMap":{"0":{"start":{"line":1,"column":0},"end":{"line":1,"column":65}},"1":{"start":{"line":2,"column":0},"end":{"line":2,"column":71}},"2":{"start":{"line":3,"column":0},"end":{"line":3,"column":66}},"3":{"start":{"line":4,"column":0},"end":{"line":4,"column":47}},"4":{"start":{"line":5,"column":0},"end":{"line":5,"column":57}},"6":{"start":{"line":7,"column":0},"end":{"line":7,"column":65}},"7":{"start":{"line":8,"column":0},"end":{"line":8,"column":77}},"16":{"start":{"line":17,"column":0},"end":{"line":17,"column":64}},"18":{"start":{"line":19,"column":0},"end":{"line":19,"column":10}},"19":{"start":{"line":20,"column":0},"end":{"line":20,"column":71}},"20":{"start":{"line":21,"column":0},"end":{"line":21,"column":10}},"21":{"start":{"line":22,"column":0},"end":{"line":22,"column":44}},"22":{"start":{"line":23,"column":0},"end":{"line":23,"column":17}},"23":{"start":{"line":24,"column":0},"end":{"line":24,"column":62}},"24":{"start":{"line":25,"column":0},"end":{"line":25,"column":8}},"25":{"start":{"line":26,"column":0},"end":{"line":26,"column":48}},"26":{"start":{"line":27,"column":0},"end":{"line":27,"column":39}},"27":{"start":{"line":28,"column":0},"end":{"line":28,"column":72}},"28":{"start":{"line":29,"column":0},"end":{"line":29,"column":33}},"29":{"start":{"line":30,"column":0},"end":{"line":30,"column":15}},"30":{"start":{"line":31,"column":0},"end":{"line":31,"column":12}},"31":{"start":{"line":32,"column":0},"end":{"line":32,"column":82}},"34":{"start":{"line":35,"column":0},"end":{"line":35,"column":71}},"35":{"start":{"line":36,"column":0},"end":{"line":36,"column":46}},"36":{"start":{"line":37,"column":0},"end":{"line":37,"column":45}},"37":{"start":{"line":38,"column":0},"end":{"line":38,"column":19}},"38":{"start":{"line":39,"column":0},"end":{"line":39,"column":14}},"39":{"start":{"line":40,"column":0},"end":{"line":40,"column":14}},"40":{"start":{"line":41,"column":0},"end":{"line":41,"column":15}},"41":{"start":{"line":42,"column":0},"end":{"line":42,"column":58}},"42":{"start":{"line":43,"column":0},"end":{"line":43,"column":38}},"44":{"start":{"line":45,"column":0},"end":{"line":45,"column":50}},"45":{"start":{"line":46,"column":0},"end":{"line":46,"column":17}},"46":{"start":{"line":47,"column":0},"end":{"line":47,"column":12}},"47":{"start":{"line":48,"column":0},"end":{"line":48,"column":10}},"49":{"start":{"line":50,"column":0},"end":{"line":50,"column":2}},"51":{"start":{"line":52,"column":0},"end":{"line":52,"column":25}},"52":{"start":{"line":53,"column":0},"end":{"line":53,"column":43}},"53":{"start":{"line":54,"column":0},"end":{"line":54,"column":33}},"54":{"start":{"line":55,"column":0},"end":{"line":55,"column":70}},"55":{"start":{"line":56,"column":0},"end":{"line":56,"column":48}},"57":{"start":{"line":58,"column":0},"end":{"line":58,"column":27}},"58":{"start":{"line":59,"column":0},"end":{"line":59,"column":28}},"59":{"start":{"line":60,"column":0},"end":{"line":60,"column":28}},"60":{"start":{"line":61,"column":0},"end":{"line":61,"column":4}},"62":{"start":{"line":63,"column":0},"end":{"line":63,"column":19}},"63":{"start":{"line":64,"column":0},"end":{"line":64,"column":16}},"64":{"start":{"line":65,"column":0},"end":{"line":65,"column":9}},"66":{"start":{"line":67,"column":0},"end":{"line":67,"column":42}},"67":{"start":{"line":68,"column":0},"end":{"line":68,"column":18}},"68":{"start":{"line":69,"column":0},"end":{"line":69,"column":19}},"69":{"start":{"line":70,"column":0},"end":{"line":70,"column":77}},"70":{"start":{"line":71,"column":0},"end":{"line":71,"column":19}},"71":{"start":{"line":72,"column":0},"end":{"line":72,"column":6}},"72":{"start":{"line":73,"column":0},"end":{"line":73,"column":22}},"74":{"start":{"line":75,"column":0},"end":{"line":75,"column":19}},"75":{"start":{"line":76,"column":0},"end":{"line":76,"column":33}},"76":{"start":{"line":77,"column":0},"end":{"line":77,"column":24}},"77":{"start":{"line":78,"column":0},"end":{"line":78,"column":36}},"79":{"start":{"line":80,"column":0},"end":{"line":80,"column":22}},"80":{"start":{"line":81,"column":0},"end":{"line":81,"column":15}},"81":{"start":{"line":82,"column":0},"end":{"line":82,"column":54}},"82":{"start":{"line":83,"column":0},"end":{"line":83,"column":8}},"83":{"start":{"line":84,"column":0},"end":{"line":84,"column":24}},"84":{"start":{"line":85,"column":0},"end":{"line":85,"column":19}},"85":{"start":{"line":86,"column":0},"end":{"line":86,"column":16}},"86":{"start":{"line":87,"column":0},"end":{"line":87,"column":19}},"87":{"start":{"line":88,"column":0},"end":{"line":88,"column":21}},"88":{"start":{"line":89,"column":0},"end":{"line":89,"column":65}},"89":{"start":{"line":90,"column":0},"end":{"line":90,"column":6}},"90":{"start":{"line":91,"column":0},"end":{"line":91,"column":24}},"91":{"start":{"line":92,"column":0},"end":{"line":92,"column":4}},"93":{"start":{"line":94,"column":0},"end":{"line":94,"column":30}},"94":{"start":{"line":95,"column":0},"end":{"line":95,"column":22}},"95":{"start":{"line":96,"column":0},"end":{"line":96,"column":4}},"97":{"start":{"line":98,"column":0},"end":{"line":98,"column":34}},"98":{"start":{"line":99,"column":0},"end":{"line":99,"column":26}},"99":{"start":{"line":100,"column":0},"end":{"line":100,"column":4}},"103":{"start":{"line":104,"column":0},"end":{"line":104,"column":10}},"104":{"start":{"line":105,"column":0},"end":{"line":105,"column":118}},"105":{"start":{"line":106,"column":0},"end":{"line":106,"column":54}},"106":{"start":{"line":107,"column":0},"end":{"line":107,"column":71}},"108":{"start":{"line":109,"column":0},"end":{"line":109,"column":13}},"109":{"start":{"line":110,"column":0},"end":{"line":110,"column":16}},"110":{"start":{"line":111,"column":0},"end":{"line":111,"column":28}},"111":{"start":{"line":112,"column":0},"end":{"line":112,"column":17}},"112":{"start":{"line":113,"column":0},"end":{"line":113,"column":12}},"113":{"start":{"line":114,"column":0},"end":{"line":114,"column":67}},"115":{"start":{"line":116,"column":0},"end":{"line":116,"column":12}},"116":{"start":{"line":117,"column":0},"end":{"line":117,"column":54}},"117":{"start":{"line":118,"column":0},"end":{"line":118,"column":40}},"118":{"start":{"line":119,"column":0},"end":{"line":119,"column":35}},"119":{"start":{"line":120,"column":0},"end":{"line":120,"column":39}},"120":{"start":{"line":121,"column":0},"end":{"line":121,"column":22}},"121":{"start":{"line":122,"column":0},"end":{"line":122,"column":27}},"122":{"start":{"line":123,"column":0},"end":{"line":123,"column":34}},"123":{"start":{"line":124,"column":0},"end":{"line":124,"column":37}},"124":{"start":{"line":125,"column":0},"end":{"line":125,"column":14}},"125":{"start":{"line":126,"column":0},"end":{"line":126,"column":44}},"126":{"start":{"line":127,"column":0},"end":{"line":127,"column":17}},"127":{"start":{"line":128,"column":0},"end":{"line":128,"column":130}},"128":{"start":{"line":129,"column":0},"end":{"line":129,"column":18}},"129":{"start":{"line":130,"column":0},"end":{"line":130,"column":18}},"132":{"start":{"line":133,"column":0},"end":{"line":133,"column":14}},"133":{"start":{"line":134,"column":0},"end":{"line":134,"column":41}},"134":{"start":{"line":135,"column":0},"end":{"line":135,"column":45}},"135":{"start":{"line":136,"column":0},"end":{"line":136,"column":75}},"137":{"start":{"line":138,"column":0},"end":{"line":138,"column":17}},"138":{"start":{"line":139,"column":0},"end":{"line":139,"column":80}},"139":{"start":{"line":140,"column":0},"end":{"line":140,"column":29}},"140":{"start":{"line":141,"column":0},"end":{"line":141,"column":16}},"141":{"start":{"line":142,"column":0},"end":{"line":142,"column":16}},"142":{"start":{"line":143,"column":0},"end":{"line":143,"column":14}},"143":{"start":{"line":144,"column":0},"end":{"line":144,"column":12}},"144":{"start":{"line":145,"column":0},"end":{"line":145,"column":54}},"146":{"start":{"line":147,"column":0},"end":{"line":147,"column":52}},"147":{"start":{"line":148,"column":0},"end":{"line":148,"column":15}},"148":{"start":{"line":149,"column":0},"end":{"line":149,"column":107}},"149":{"start":{"line":150,"column":0},"end":{"line":150,"column":32}},"150":{"start":{"line":151,"column":0},"end":{"line":151,"column":9}},"152":{"start":{"line":153,"column":0},"end":{"line":153,"column":17}},"153":{"start":{"line":154,"column":0},"end":{"line":154,"column":15}},"154":{"start":{"line":155,"column":0},"end":{"line":155,"column":107}},"155":{"start":{"line":156,"column":0},"end":{"line":156,"column":36}},"156":{"start":{"line":157,"column":0},"end":{"line":157,"column":9}},"158":{"start":{"line":159,"column":0},"end":{"line":159,"column":17}},"159":{"start":{"line":160,"column":0},"end":{"line":160,"column":114}},"161":{"start":{"line":162,"column":0},"end":{"line":162,"column":17}},"162":{"start":{"line":163,"column":0},"end":{"line":163,"column":12}},"163":{"start":{"line":164,"column":0},"end":{"line":164,"column":10}},"165":{"start":{"line":166,"column":0},"end":{"line":166,"column":2}},"167":{"start":{"line":168,"column":0},"end":{"line":168,"column":25}}},"s":{"0":1,"1":1,"2":1,"3":1,"4":1,"6":1,"7":1,"16":1,"18":0,"19":0,"20":0,"21":0,"22":0,"23":0,"24":0,"25":0,"26":0,"27":0,"28":0,"29":0,"30":0,"31":0,"34":0,"35":0,"36":0,"37":0,"38":0,"39":0,"40":0,"41":0,"42":0,"44":0,"45":0,"46":0,"47":0,"49":0,"51":1,"52":3,"53":3,"54":3,"55":3,"57":3,"58":1,"59":1,"60":1,"62":3,"63":1,"64":3,"66":3,"67":2,"68":2,"69":2,"70":2,"71":2,"72":3,"74":3,"75":2,"76":2,"77":3,"79":3,"80":0,"81":0,"82":0,"83":0,"84":0,"85":0,"86":0,"87":0,"88":0,"89":0,"90":0,"91":0,"93":3,"94":0,"95":0,"97":3,"98":0,"99":0,"103":3,"104":3,"105":3,"106":3,"108":3,"109":3,"110":3,"111":3,"112":3,"113":3,"115":3,"116":3,"117":3,"118":3,"119":0,"120":0,"121":0,"122":0,"123":0,"124":0,"125":3,"126":3,"127":3,"128":3,"129":3,"132":3,"133":3,"134":3,"135":3,"137":3,"138":3,"139":3,"140":3,"141":3,"142":3,"143":3,"144":3,"146":3,"147":3,"148":3,"149":3,"150":3,"152":3,"153":3,"154":3,"155":3,"156":3,"158":3,"159":3,"161":3,"162":3,"163":3,"165":3,"167":1},"branchMap":{"0":{"type":"branch","line":52,"loc":{"start":{"line":52,"column":18},"end":{"line":166,"column":2}},"locations":[{"start":{"line":52,"column":18},"end":{"line":166,"column":2}}]},"1":{"type":"branch","line":119,"loc":{"start":{"line":119,"column":32},"end":{"line":126,"column":15}},"locations":[{"start":{"line":119,"column":32},"end":{"line":126,"column":15}}]},"2":{"type":"branch","line":58,"loc":{"start":{"line":58,"column":20},"end":{"line":61,"column":4}},"locations":[{"start":{"line":58,"column":20},"end":{"line":61,"column":4}}]},"3":{"type":"branch","line":63,"loc":{"start":{"line":63,"column":12},"end":{"line":65,"column":5}},"locations":[{"start":{"line":63,"column":12},"end":{"line":65,"column":5}}]},"4":{"type":"branch","line":67,"loc":{"start":{"line":67,"column":35},"end":{"line":73,"column":5}},"locations":[{"start":{"line":67,"column":35},"end":{"line":73,"column":5}}]},"5":{"type":"branch","line":75,"loc":{"start":{"line":75,"column":12},"end":{"line":78,"column":5}},"locations":[{"start":{"line":75,"column":12},"end":{"line":78,"column":5}}]}},"b":{"0":[3],"1":[0],"2":[1],"3":[1],"4":[2],"5":[2]},"fnMap":{"0":{"name":"CartItems","decl":{"start":{"line":17,"column":18},"end":{"line":50,"column":2}},"loc":{"start":{"line":17,"column":18},"end":{"line":50,"column":2}},"line":17},"1":{"name":"CartModal","decl":{"start":{"line":52,"column":18},"end":{"line":166,"column":2}},"loc":{"start":{"line":52,"column":18},"end":{"line":166,"column":2}},"line":52},"2":{"name":"exibeCart","decl":{"start":{"line":58,"column":20},"end":{"line":61,"column":4}},"loc":{"start":{"line":58,"column":20},"end":{"line":61,"column":4}},"line":58},"3":{"name":"deleteCart","decl":{"start":{"line":80,"column":21},"end":{"line":92,"column":4}},"loc":{"start":{"line":80,"column":21},"end":{"line":92,"column":4}},"line":80},"4":{"name":"redirectCart","decl":{"start":{"line":94,"column":23},"end":{"line":96,"column":4}},"loc":{"start":{"line":94,"column":23},"end":{"line":96,"column":4}},"line":94},"5":{"name":"redirectCheckout","decl":{"start":{"line":98,"column":27},"end":{"line":100,"column":4}},"loc":{"start":{"line":98,"column":27},"end":{"line":100,"column":4}},"line":98}},"f":{"0":0,"1":3,"2":1,"3":0,"4":0,"5":0}}
[...]
2,"column":0},"end":{"line":32,"column":22}},"33":{"start":{"line":34,"column":0},"end":{"line":34,"column":19}},"34":{"start":{"line":35,"column":0},"end":{"line":35,"column":33}},"35":{"start":{"line":36,"column":0},"end":{"line":36,"column":24}},"36":{"start":{"line":37,"column":0},"end":{"line":37,"column":36}},"37":{"start":{"line":38,"column":0},"end":{"line":38,"column":9}},"38":{"start":{"line":39,"column":0},"end":{"line":39,"column":13}},"39":{"start":{"line":40,"column":0},"end":{"line":40,"column":17}},"40":{"start":{"line":41,"column":0},"end":{"line":41,"column":13}},"41":{"start":{"line":42,"column":0},"end":{"line":42,"column":10}},"42":{"start":{"line":43,"column":0},"end":{"line":43,"column":26}},"43":{"start":{"line":44,"column":0},"end":{"line":44,"column":27}},"45":{"start":{"line":46,"column":0},"end":{"line":46,"column":59}},"46":{"start":{"line":47,"column":0},"end":{"line":47,"column":24}},"47":{"start":{"line":48,"column":0},"end":{"line":48,"column":22}},"48":{"start":{"line":49,"column":0},"end":{"line":49,"column":17}},"49":{"start":{"line":50,"column":0},"end":{"line":50,"column":12}},"50":{"start":{"line":51,"column":0},"end":{"line":51,"column":21}},"51":{"start":{"line":52,"column":0},"end":{"line":52,"column":65}},"52":{"start":{"line":53,"column":0},"end":{"line":53,"column":6}},"53":{"start":{"line":54,"column":0},"end":{"line":54,"column":24}},"54":{"start":{"line":55,"column":0},"end":{"line":55,"column":18}},"55":{"start":{"line":56,"column":0},"end":{"line":56,"column":4}},"56":{"start":{"line":57,"column":0},"end":{"line":57,"column":10}},"57":{"start":{"line":58,"column":0},"end":{"line":58,"column":65}},"58":{"start":{"line":59,"column":0},"end":{"line":59,"column":17}},"59":{"start":{"line":60,"column":0},"end":{"line":60,"column":104}},"60":{"start":{"line":61,"column":0},"end":{"line":61,"column":80}},"61":{"start":{"line":62,"column":0},"end":{"line":62,"column":19}},"62":{"start":{"line":63,"column":0},"end":{"line":63,"column":29}},"63":{"start":{"line":64,"column":0},"end":{"line":64,"column":34}},"64":{"start":{"line":65,"column":0},"end":{"line":65,"column":27}},"65":{"start":{"line":66,"column":0},"end":{"line":66,"column":10}},"66":{"start":{"line":67,"column":0},"end":{"line":67,"column":13}},"67":{"start":{"line":68,"column":0},"end":{"line":68,"column":17}},"68":{"start":{"line":69,"column":0},"end":{"line":69,"column":10}},"70":{"start":{"line":71,"column":0},"end":{"line":71,"column":2}},"72":{"start":{"line":73,"column":0},"end":{"line":73,"column":24}}},"s":{"0":0,"1":0,"2":0,"3":0,"4":0,"6":0,"7":0,"9":0,"10":0,"12":0,"13":0,"14":0,"15":0,"16":0,"17":0,"18":0,"19":0,"20":0,"21":0,"22":0,"23":0,"25":0,"26":0,"27":0,"28":0,"29":0,"30":0,"31":0,"33":0,"34":0,"35":0,"36":0,"37":0,"38":0,"39":0,"40":0,"41":0,"42":0,"43":0,"45":0,"46":0,"47":0,"48":0,"49":0,"50":0,"51":0,"52":0,"53":0,"54":0,"55":0,"56":0,"57":0,"58":0,"59":0,"60":0,"61":0,"62":0,"63":0,"64":0,"65":0,"66":0,"67":0,"68":0,"70":0,"72":0},"branchMap":{"0":{"type":"branch","line":1,"loc":{"start":{"line":1,"column":0},"end":{"line":73,"column":-641}},"locations":[{"start":{"line":1,"column":0},"end":{"line":73,"column":-641}}]}},"b":{"0":[0]},"fnMap":{"0":{"name":"(empty-report)","decl":{"start":{"line":1,"column":0},"end":{"line":73,"column":-641}},"loc":{"start":{"line":1,"column":0},"end":{"line":73,"column":-641}},"line":1}},"f":{"0":0}}
,"D:\\Workspace\\compass-projetos\\projectWeek12\\src\\pages\\contact\\Contact.tsx": {"path":"D:\\Workspace\\compass-projetos\\projectWeek12\\src\\pages\\contact\\Contact.tsx","all":true,"statementMap":{"0":{"start":{"line":1,"column":0},"end":{"line":1,"column":59}},"1":{"start":{"line":2,"column":0},"end":{"line":2,"column":62}},"2":{"start":{"line":3,"column":0},"end":{"line":3,"column":62}},"3":{"start":{"line":4,"column":0},"end":{"line":4,"column":63}},"5":{"start":{"line":6,"column":0},"end":{"line":6,"column":23}},"6":{"start":{"line":7,"column":0},"end":{"line":7,"column":10}},"7":{"start":{"line":8,"column":0},"end":{"line":8,"column":66}},"8":{"start":{"line":9,"column":0},"end":{"line":9,"column":17}},"9":{"start":{"line":10,"column":0},"end":{"line":10,"column":74}},"10":{"start":{"line":11,"column":0},"end":{"line":11,"column":108}},"11":{"start":{"line":12,"column":0},"end":{"line":12,"column":238}},"12":{"start":{"line":13,"column":0},"end":{"line":13,"column":81}},"13":{"start":{"line":14,"column":0},"end":{"line":14,"column":37}},"14":{"start":{"line":15,"column":0},"end":{"line":15,"column":25}},"15":{"start":{"line":16,"column":0},"end":{"line":16,"column":16}},"16":{"start":{"line":17,"column":0},"end":{"line":17,"column":37}},"17":{"start":{"line":18,"column":0},"end":{"line":18,"column":27}},"18":{"start":{"line":19,"column":0},"end":{"line":19,"column":16}},"19":{"start":{"line":20,"column":0},"end":{"line":20,"column":14}},"20":{"start":{"line":21,"column":0},"end":{"line":21,"column":12}},"21":{"start":{"line":22,"column":0},"end":{"line":22,"column":17}},"22":{"start":{"line":23,"column":0},"end":{"line":23,"column":10}},"24":{"start":{"line":25,"column":0},"end":{"line":25,"column":2}},"26":{"start":{"line":27,"column":0},"end":{"line":27,"column":23}}},"s":{"0":0,"1":0,"2":0,"3":0,"5":0,"6":0,"7":0,"8":0,"9":0,"10":0,"11":0,"12":0,"13":0,"14":0,"15":0,"16":0,"17":0,"18":0,"19":0,"20":0,"21":0,"22":0,"24":0,"26":0},"branchMap":{"0":{"type":"branch","line":1,"loc":{"start":{"line":1,"column":0},"end":{"line":27,"column":-678}},"locations":[{"start":{"line":1,"column":0},"end":{"line":27,"column":-678}}]}},"b":{"0":[0]},"fnMap":{"0":{"name":"(empty-report)","decl":{"start":{"line":1,"column":0},"end":{"line":27,"column":-678}},"loc":{"start":{"line":1,"column":0},"end":{"line":27,"column":-678}},"line":1}},"f":{"0":0}}
,"D:\\Workspace\\compass-projetos\\projectWeek12\\src\\pages\\home\\Home.tsx": {"path":"D:\\Workspace\\compass-projetos\\projectWeek12\\src\\pages\\home\\Home.tsx","all":true,"statementMap":{"0":{"start":{"line":1,"column":0},"end":{"line":1,"column":0}},"1":{"start":{"line":2,"column":0},"end":{"line":2,"column":90}},"2":{"start":{"line":3,"column":0},"end":{"line":3,"column":92}},"3":{"start":{"line":4,"column":0},"end":{"line":4,"column":91}},"4":{"start":{"line":5,"column":0},"end":{"line":5,"column":92}},"5":{"start":{"line":6,"column":0},"end":{"line":6,"column":81}},"8":{"start":{"line":9,"column":0},"end":{"line":9,"column":20}},"10":{"start":{"line":11,"column":0},"end":{"line":11,"column":10}},"11":{"start":{"line":12,"column":0},"end":{"line":12,"column":22}},"12":{"start":{"line":13,"column":0},"end":{"line":13,"column":70}},"13":{"start":{"line":14,"column":0},"end":{"line":14,"column":29}},"14":{"start":{"line":15,"column":0},"end":{"line":15,"column":29}},"15":{"start":{"line":16,"column":0},"end":{"line":16,"column":30}},"16":{"start":{"line":17,"column":0},"end":{"line":17,"column":28}},"17":{"start":{"line":18,"column":0},"end":{"line":18,"column":24}},"18":{"start":{"line":19,"column":0},"end":{"line":19,"column":12}},"20":{"start":{"line":21,"column":0},"end":{"line":21,"column":10}},"22":{"start":{"line":23,"column":0},"end":{"line":23,"column":1}},"24":{"start":{"line":25,"column":0},"end":{"line":25,"column":19}}},"s":{"0":0,"1":0,"2":0,"3":0,"4":0,"5":0,"8":0,"10":0,"11":0,"12":0,"13":0,"14":0,"15":0,"16":0,"17":0,"18":0,"20":0,"22":0,"24":0},"branchMap":{"0":{"type":"branch","line":1,"loc":{"start":{"line":1,"column":801},"end":{"line":25,"column":19}},"locations":[{"start":{"line":1,"column":801},"end":{"line":25,"column":19}}]}},"b":{"0":[0]},"fnMap":{"0":{"name":"(empty-report)","decl":{"start":{"line":1,"column":801},"end":{"line":25,"column":19}},"loc":{"start":{"line":1,"column":801},"end":{"line":25,"column":19}},"line":1}},"f":{"0":0}}
,"D:\\Workspace\\compass-projetos\\projectWeek12\\src\\pages\\login\\Login.tsx": {"path":"D:\\Workspace\\compass-projetos\\projectWeek12\\src\\pages\\login\\Login.tsx","all":true,"statementMap":{"0":{"start":{"line":1,"column":0},"end":{"line":1,"column":54}},"1":{"start":{"line":2,"column":0},"end":{"line":2,"column":56}},"3":{"start":{"line":4,"column":0},"end":{"line":4,"column":21}},"4":{"start":{"line":5,"column":0},"end":{"line":5,"column":10}},"5":{"start":{"line":6,"column":0},"end":{"line":6,"column":64}},"6":{"start":{"line":7,"column":0},"end":{"line":7,"column":68}},"7":{"start":{"line":8,"column":0},"end":{"line":8,"column":31}},"8":{"start":{"line":9,"column":0},"end":{"line":9,"column":18}},"9":{"start":{"line":10,"column":0},"end":{"line":10,"column":12}},"10":{"start":{"line":11,"column":0},"end":{"line":11,"column":18}},"11":{"start":{"line":12,"column":0},"end":{"line":12,"column":10}},"12":{"start":{"line":13,"column":0},"end":{"line":13,"column":10}},"14":{"start":{"line":15,"column":0},"end":{"line":15,"column":1}},"16":{"start":{"line":17,"column":0},"end":{"line":17,"column":20}}},"s":{"0":0,"1":0,"3":0,"4":0,"5":0,"6":0,"7":0,"8":0,"9":0,"10":0,"11":0,"12":0,"14":0,"16":0},"branchMap":{"0":{"type":"branch","line":1,"loc":{"start":{"line":1,"column":0},"end":{"line":17,"column":-252}},"locations":[{"start":{"line":1,"column":0},"end":{"line":17,"column":-252}}]}},"b":{"0":[0]},"fnMap":{"0":{"name":"(empty-report)","decl":{"start":{"line":1,"column":0},"end":{"line":17,"column":-252}},"loc":{"start":{"line":1,"column":0},"end":{"line":17,"column":-252}},"line":1}},"f":{"0":0}}
,"D:\\Workspace\\compass-projetos\\projectWeek12\\src\\pages\\shop\\Shop.tsx": {"path":"D:\\Workspace\\compass-projetos\\projectWeek12\\src\\pages\\shop\\Shop.tsx","all":true,"statementMap":{"0":{"start":{"line":1,"column":0},"end":{"line":1,"column":33}},"1":{"start":{"line":2,"column":0},"end":{"line":2,"column":69}},"2":{"start":{"line":3,"column":0},"end":{"line":3,"column":57}},"3":{"start":{"line":4,"column":0},"end":{"line":4,"column":62}},"4":{"start":{"line":5,"column":0},"end":{"line":5,"column":62}},"5":{"start":{"line":6,"column":0},"end":{"line":6,"column":66}},"6":{"start":{"line":7,"column":0},"end":{"line":7,"column":101}},"8":{"start":{"line":9,"column":0},"end":{"line":9,"column":20}},"9":{"start":{"line":10,"column":0},"end":{"line":10,"column":69}},"10":{"start":{"line":11,"column":0},"end":{"line":11,"column":86}},"11":{"start":{"line":12,"column":0},"end":{"line":12,"column":74}},"12":{"start":{"line":13,"column":0},"end":{"line":13,"column":52}},"13":{"start":{"line":14,"column":0},"end":{"line":14,"column":137}},"16":{"start":{"line":17,"column":0},"end":{"line":17,"column":56}},"17":{"start":{"line":18,"column":0},"end":{"line":18,"column":64}},"18":{"start":{"line":19,"column":0},"end":{"line":19,"column":90}},"20":{"start":{"line":21,"column":0},"end":{"line":21,"column":70}},"21":{"start":{"line":22,"column":0},"end":{"line":22,"column":24}},"22":{"start":{"line":23,"column":0},"end":{"line":23,"column":32}},"23":{"start":{"line":24,"column":0},"end":{"line":24,"column":71}},"24":{"start":{"line":25,"column":0},"end":{"line":25,"column":6}},"26":{"start":{"line":27,"column":0},"end":{"line":27,"column":86}},"27":{"start":{"line":28,"column":0},"end":{"line":28,"column":10}},"28":{"start":{"line":29,"column":0},"end":{"line":29,"column":66}},"29":{"start":{"line":30,"column":0},"end":{"line":30,"column":11}},"30":{"start":{"line":31,"column":0},"end":{"line":31,"column":19}},"31":{"start":{"line":32,"column":0},"end":{"line":32,"column":16}},"32":{"start":{"line":33,"column":0},"end":{"line":33,"column":33}},"33":{"start":{"line":34,"column":0},"end":{"line":34,"column":35}},"34":{"start":{"line":35,"column":0},"end":{"line":35,"column":45}},"35":{"start":{"line":36,"column":0},"end":{"line":36,"column":31}},"36":{"start":{"line":37,"column":0},"end":{"line":37,"column":10}},"37":{"start":{"line":38,"column":0},"end":{"line":38,"column":12}},"38":{"start":{"line":39,"column":0},"end":{"line":39,"column":11}},"39":{"start":{"line":40,"column":0},"end":{"line":40,"column":51}},"40":{"start":{"line":41,"column":0},"end":{"line":41,"column":51}},"41":{"start":{"line":42,"column":0},"end":{"line":42,"column":20}},"42":{"start":{"line":43,"column":0},"end":{"line":43,"column":39}},"43":{"start":{"line":44,"column":0},"end":{"line":44,"column":48}},"44":{"start":{"line":45,"column":0},"end":{"line":45,"column":31}},"45":{"start":{"line":46,"column":0},"end":{"line":46,"column":37}},"46":{"start":{"line":47,"column":0},"end":{"line":47,"column":31}},"47":{"start":{"line":48,"column":0},"end":{"line":48,"column":12}},"48":{"start":{"line":49,"column":0},"end":{"line":49,"column":14}},"49":{"start":{"line":50,"column":0},"end":{"line":50,"column":12}},"50":{"start":{"line":51,"column":0},"end":{"line":51,"column":17}},"51":{"start":{"line":52,"column":0},"end":{"line":52,"column":10}},"53":{"start":{"line":54,"column":0},"end":{"line":54,"column":2}},"55":{"start":{"line":56,"column":0},"end":{"line":56,"column":20}}},"s":{"0":0,"1":0,"2":0,"3":0,"4":0,"5":0,"6":0,"8":0,"9":0,"10":0,"11":0,"12":0,"13":0,"16":0,"17":0,"18":0,"20":0,"21":0,"22":0,"23":0,"24":0,"26":0,"27":0,"28":0,"29":0,"30":0,"31":0,"32":0,"33":0,"34":0,"35":0,"36":0,"37":0,"38":0,"39":0,"40":0,"41":0,"42":0,"43":0,"44":0,"45":0,"46":0,"47":0,"48":0,"49":0,"50":0,"51":0,"53":0,"55":0},"branchMap":{"0":{"type":"branch","line":1,"loc":{"start":{"line":1,"column":0},"end":{"line":56,"column":-656}},"locations":[{"start":{"line":1,"column":0},"end":{"line":56,"column":-656}}]}},"b":{"0":[0]},"fnMap":{"0":{"name":"(empty-report)","decl":{"start":{"line":1,"column":0},"end":{"line":56,"column":-656}},"loc":{"start":{"line":1,"column":0},"end":{"line":56,"column":-656}},"line":1}},"f":{"0":0}}
,"D:\\Workspace\\compass-projetos\\projectWeek12\\src\\routes\\ProtectedRoutes.tsx": {"path":"D:\\Workspace\\compass-projetos\\projectWeek12\\src\\routes\\ProtectedRoutes.tsx","all":true,"statementMap":{"0":{"start":{"line":1,"column":0},"end":{"line":1,"column":63}},"1":{"start":{"line":2,"column":0},"end":{"line":2,"column":57}},"2":{"start":{"line":3,"column":0},"end":{"line":3,"column":58}},"4":{"start":{"line":5,"column":0},"end":{"line":5,"column":32}},"5":{"start":{"line":6,"column":0},"end":{"line":6,"column":39}},"6":{"start":{"line":7,"column":0},"end":{"line":7,"column":35}},"9":{"start":{"line":10,"column":0},"end":{"line":10,"column":18}},"10":{"start":{"line":11,"column":0},"end":{"line":11,"column":71}},"11":{"start":{"line":12,"column":0},"end":{"line":12,"column":7}},"13":{"start":{"line":14,"column":0},"end":{"line":14,"column":24}},"14":{"start":{"line":15,"column":0},"end":{"line":15,"column":1}},"16":{"start":{"line":17,"column":0},"end":{"line":17,"column":30}}},"s":{"0":0,"1":0,"2":0,"4":0,"5":0,"6":0,"9":0,"10":0,"11":0,"13":0,"14":0,"16":0},"branchMap":{"0":{"type":"branch","line":1,"loc":{"start":{"line":1,"column":476},"end":{"line":17,"column":30}},"locations":[{"start":{"line":1,"column":476},"end":{"line":17,"column":30}}]}},"b":{"0":[0]},"fnMap":{"0":{"name":"(empty-report)","decl":{"start":{"line":1,"column":476},"end":{"line":17,"column":30}},"loc":{"start":{"line":1,"column":476},"end":{"line":17,"column":30}},"line":1}},"f":{"0":0}}
,"D:\\Workspace\\compass-projetos\\projectWeek12\\src\\routes\\Routes.tsx": {"path":"D:\\Workspace\\compass-projetos\\projectWeek12\\src\\routes\\Routes.tsx","all":true,"statementMap":{"0":{"start":{"line":1,"column":0},"end":{"line":1,"column":55}},"1":{"start":{"line":2,"column":0},"end":{"line":2,"column":38}},"2":{"start":{"line":3,"column":0},"end":{"line":3,"column":41}},"3":{"start":{"line":4,"column":0},"end":{"line":4,"column":47}},"4":{"start":{"line":5,"column":0},"end":{"line":5,"column":38}},"5":{"start":{"line":6,"column":0},"end":{"line":6,"column":25}},"6":{"start":{"line":7,"column":0},"end":{"line":7,"column":41}},"7":{"start":{"line":8,"column":0},"end":{"line":8,"column":50}},"8":{"start":{"line":9,"column":0},"end":{"line":9,"column":38}},"9":{"start":{"line":10,"column":0},"end":{"line":10,"column":50}},"10":{"start":{"line":11,"column":0},"end":{"line":11,"column":48}},"11":{"start":{"line":12,"column":0},"end":{"line":12,"column":50}},"13":{"start":{"line":14,"column":0},"end":{"line":14,"column":43}},"14":{"start":{"line":15,"column":0},"end":{"line":15,"column":3}},"15":{"start":{"line":16,"column":0},"end":{"line":16,"column":14}},"16":{"start":{"line":17,"column":0},"end":{"line":17,"column":21}},"17":{"start":{"line":18,"column":0},"end":{"line":18,"column":15}},"18":{"start":{"line":19,"column":0},"end":{"line":19,"column":7}},"19":{"start":{"line":20,"column":0},"end":{"line":20,"column":17}},"20":{"start":{"line":21,"column":0},"end":{"line":21,"column":26}},"21":{"start":{"line":22,"column":0},"end":{"line":22,"column":8}},"22":{"start":{"line":23,"column":0},"end":{"line":23,"column":7}},"23":{"start":{"line":24,"column":0},"end":{"line":24,"column":22}},"24":{"start":{"line":25,"column":0},"end":{"line":25,"column":27}},"25":{"start":{"line":26,"column":0},"end":{"line":26,"column":8}},"26":{"start":{"line":27,"column":0},"end":{"line":27,"column":7}},"27":{"start":{"line":28,"column":0},"end":{"line":28,"column":24}},"28":{"start":{"line":29,"column":0},"end":{"line":29,"column":29}},"29":{"start":{"line":30,"column":0},"end":{"line":30,"column":8}},"30":{"start":{"line":31,"column":0},"end":{"line":31,"column":7}},"31":{"start":{"line":32,"column":0},"end":{"line":32,"column":21}},"32":{"start":{"line":33,"column":0},"end":{"line":33,"column":26}},"33":{"start":{"line":34,"column":0},"end":{"line":34,"column":8}},"34":{"start":{"line":35,"column":0},"end":{"line":35,"column":7}},"35":{"start":{"line":36,"column":0},"end":{"line":36,"column":29}},"36":{"start":{"line":37,"column":0},"end":{"line":37,"column":28}},"38":{"start":{"line":39,"column":0},"end":{"line":39,"column":7}},"39":{"start":{"line":40,"column":0},"end":{"line":40,"column":8}},"40":{"start":{"line":41,"column":0},"end":{"line":41,"column":20}},"41":{"start":{"line":42,"column":0},"end":{"line":42,"column":37}},"42":{"start":{"line":43,"column":0},"end":{"line":43,"column":45}},"43":{"start":{"line":44,"column":0},"end":{"line":44,"column":7}},"44":{"start":{"line":45,"column":0},"end":{"line":45,"column":8}},"45":{"start":{"line":46,"column":0},"end":{"line":46,"column":24}},"46":{"start":{"line":47,"column":0},"end":{"line":47,"column":36}},"47":{"start":{"line":48,"column":0},"end":{"line":48,"column":49}},"48":{"start":{"line":49,"column":0},"end":{"line":49,"column":7}},"49":{"start":{"line":50,"column":0},"end":{"line":50,"column":6}},"51":{"start":{"line":52,"column":0},"end":{"line":52,"column":6}},"52":{"start":{"line":53,"column":0},"end":{"line":53,"column":19}},"53":{"start":{"line":54,"column":0},"end":{"line":54,"column":23}},"54":{"start":{"line":55,"column":0},"end":{"line":55,"column":3}},"55":{"start":{"line":56,"column":0},"end":{"line":56,"column":5}},"56":{"start":{"line":57,"column":0},"end":{"line":57,"column":22}},"57":{"start":{"line":58,"column":0},"end":{"line":58,"column":26}},"58":{"start":{"line":59,"column":0},"end":{"line":59,"column":3}},"59":{"start":{"line":60,"column":0},"end":{"line":60,"column":3}}},"s":{"0":0,"1":0,"2":0,"3":0,"4":0,"5":0,"6":0,"7":0,"8":0,"9":0,"10":0,"11":0,"13":0,"14":0,"15":0,"16":0,"17":0,"18":0,"19":0,"20":0,"21":0,"22":0,"23":0,"24":0,"25":0,"26":0,"27":0,"28":0,"29":0,"30":0,"31":0,"32":0,"33":0,"34":0,"35":0,"36":0,"38":0,"39":0,"40":0,"41":0,"42":0,"43":0,"44":0,"45":0,"46":0,"47":0,"48":0,"49":0,"51":0,"52":0,"53":0,"54":0,"55":0,"56":0,"57":0,"58":0,"59":0},"branchMap":{"0":{"type":"branch","line":1,"loc":{"start":{"line":1,"column":1418},"end":{"line":60,"column":3}},"locations":[{"start":{"line":1,"column":1418},"end":{"line":60,"column":3}}]}},"b":{"0":[0]},"fnMap":{"0":{"name":"(empty-report)","decl":{"start":{"line":1,"column":1418},"end":{"line":60,"column":3}},"loc":{"start":{"line":1,"column":1418},"end":{"line":60,"column":3}},"line":1}},"f":{"0":0}}
}
